Godot Engine v4.6.1.stable.official.14d19694e - https://godotengine.org
D3D12 12_0 - Forward Mobile - Using Device #0: Intel - Intel(R) Iris(R) Xe Graphics

351.0
351.166656494141
351.5
352.0
352.666656494141
353.5
354.5
355.666656494141
357.0
358.5
360.166656494141
362.0
364.0
366.166656494141
368.5
371.0
373.666656494141
376.5
379.5
382.666656494141
386.0
389.5
393.166656494141
397.0
401.0
405.166656494141
409.5
403.5
397.666656494141
392.0
386.5
381.166656494141
376.0
371.0
366.166656494141
361.5
351.0
Player
Player
357.0
351.166656494141
352.666656494141
351.5
348.5
352.0
344.5
352.666656494141
340.666656494141
353.5
337.0
354.5
333.5
355.666656494141
330.166656494141
357.0
327.0
358.5
324.0
360.166656494141
321.166656494141
362.0
318.5
364.0
316.0
366.166656494141
313.666656494141
368.5
311.5
371.0
309.5
373.666656494141
307.666656494141
376.5
306.0
379.5
304.5
382.666656494141
303.166656494141
386.0
302.0
389.5
301.0
393.166656494141
300.166656494141
397.0
299.5
401.0
299.0
405.166656494141
298.666656494141
409.5
298.5
414.0
298.5
418.666656494141
298.666656494141
423.5
299.0
428.5
299.5
433.666656494141
300.166656494141
439.0
294.166656494141
433.0
288.333312988281
427.166656494141
282.666656494141
421.5
277.166656494141
416.0
271.833312988281
410.666656494141
266.666656494141
405.5
261.666656494141
400.5
351.0
256.833312988281
395.666656494141
351.166656494141
252.166641235352
391.0
351.5
247.666641235352
386.5
352.0
243.333312988281
382.166656494141
352.666656494141
239.166641235352
378.0
353.5
Player
Player
235.166641235352
374.0
354.5
231.333312988281
370.166656494141
355.666656494141
227.666641235352
366.5
357.0
224.166641235352
363.0
358.5
220.833312988281
359.666656494141
360.166656494141
217.666641235352
356.5
362.0
214.666641235352
353.5
364.0
208.666641235352
347.5
358.0
202.833312988281
341.666656494141
352.166656494141
197.166641235352
336.0
346.5
351.0
Player
Player
Player
Player
191.666641235352
330.5
341.0
351.166656494141
186.333312988281
325.166656494141
335.666656494141
351.5
181.166641235352
320.0
330.5
352.0
176.166641235352
315.0
325.5
352.666656494141
171.333312988281
310.166656494141
320.666656494141
353.5
166.666641235352
305.5
316.0
354.5
160.666641235352
299.5
310.0
348.5
154.833312988281
293.666656494141
304.166656494141
342.666656494141
149.166641235352
288.0
298.5
337.0
351.0
Player
Player
143.666641235352
282.5
293.0
331.5
351.166656494141
138.333312988281
277.166656494141
287.666656494141
326.166656494141
351.5
133.166641235352
272.0
282.5
321.0
352.0
128.166641235352
267.0
277.5
316.0
352.666656494141
122.166641235352
261.0
271.5
310.0
346.666656494141
116.333305358887
255.16667175293
265.666656494141
304.166656494141
340.833312988281
110.666641235352
249.5
260.0
298.5
335.166656494141
105.166641235352
244.0
254.5
293.0
329.666656494141
351.0
Player
Player
99.8333053588867
238.66667175293
249.16667175293
287.666656494141
324.333312988281
351.166656494141
94.6666412353516
233.5
244.0
282.5
319.166656494141
351.5
89.6666412353516
228.5
239.0
277.5
314.166656494141
352.0
83.6666412353516
222.5
233.0
271.5
308.166656494141
346.0
77.8333053588867
216.66667175293
227.16667175293
265.666656494141
302.333312988281
340.166656494141
72.1666412353516
211.0
221.5
260.0
296.666656494141
334.5
66.6666412353516
205.5
216.0
254.5
291.166656494141
329.0
61.333309173584
200.16667175293
210.66667175293
249.16667175293
285.833312988281
323.666656494141
351.0
Player
Player
56.1666412353516
195.0
205.5
244.0
280.666656494141
318.5
351.166656494141
51.1666412353516
190.0
200.5
239.0
275.666656494141
313.5
351.5
46.333309173584
185.16667175293
195.66667175293
234.16667175293
270.833312988281
308.666656494141
352.0
40.333309173584
179.16667175293
189.66667175293
228.16667175293
264.833312988281
302.666656494141
346.0
34.4999771118164
173.333343505859
183.833343505859
222.333343505859
258.999969482422
296.833312988281
340.166656494141
28.8333110809326
167.66667175293
178.16667175293
216.66667175293
253.333297729492
291.166656494141
334.5
23.3333110809326
162.16667175293
172.66667175293
211.16667175293
247.833297729492
285.666656494141
329.0
17.9999771118164
156.833343505859
167.333343505859
205.833343505859
242.499969482422
280.333312988281
323.666656494141
351.0
Player
Player
12.8333101272583
151.66667175293
162.16667175293
200.66667175293
237.333297729492
275.166656494141
318.5
351.166656494141
7.8333101272583
146.66667175293
157.16667175293
195.66667175293
232.333297729492
270.166656494141
313.5
351.5
1.8333101272583
140.66667175293
151.16667175293
189.66667175293
226.333297729492
264.166656494141
307.5
345.5
-4.00002336502075
134.833343505859
145.333343505859
183.833343505859
220.499969482422
258.333312988281
301.666656494141
339.666656494141
-9.6666898727417
129.16667175293
139.66667175293
178.16667175293
214.833297729492
252.666641235352
296.0
334.0
-15.1666898727417
123.66667175293
134.16667175293
172.66667175293
209.333297729492
247.166641235352
290.5
328.5
-20.5000228881836
118.333335876465
128.833343505859
167.333343505859
203.999969482422
241.833312988281
285.166656494141
323.166656494141
-25.6666889190674
113.16667175293
123.666679382324
162.16667175293
198.833297729492
236.666641235352
280.0
318.0
-30.6666889190674
108.16667175293
118.666679382324
157.16667175293
193.833297729492
231.666641235352
275.0
313.0
-35.5000228881836
103.333335876465
113.833343505859
152.333343505859
188.999969482422
226.833312988281
270.166656494141
308.166656494141
351.0
-40.166690826416
98.6666717529297
109.166679382324
147.66667175293
184.333297729492
222.166641235352
265.5
303.5
351.166656494141
-44.666690826416
94.1666717529297
104.666679382324
143.16667175293
179.833297729492
217.666641235352
261.0
299.0
351.5
-49.0000228881836
89.8333358764648
100.333343505859
138.833343505859
175.499969482422
213.333312988281
256.666656494141
294.666656494141
352.0
-53.166690826416
85.6666717529297
96.1666793823242
134.66667175293
171.333297729492
209.166641235352
252.499984741211
290.5
352.666656494141
-57.166690826416
81.6666717529297
92.1666793823242
130.66667175293
167.333297729492
205.166641235352
248.499984741211
286.5
353.5
-61.0000228881836
77.8333358764648
88.3333435058594
126.833335876465
163.499969482422
201.333312988281
244.666656494141
282.666656494141
354.5
-64.6666870117188
74.1666717529297
84.6666793823242
123.16667175293
159.833297729492
197.666641235352
240.999984741211
279.0
355.666656494141
-68.1666870117188
70.6666717529297
81.1666793823242
119.66667175293
156.333297729492
194.166641235352
237.499984741211
275.5
357.0
-71.5000228881836
67.3333358764648
77.8333435058594
116.333335876465
152.999969482422
190.833312988281
234.166656494141
272.166656494141
358.5
-74.6666870117188
64.1666717529297
74.6666793823242
113.16667175293
149.833297729492
187.666641235352
230.999984741211
269.0
360.166656494141
-77.6666870117188
61.1666717529297
71.6666793823242
110.16667175293
146.833297729492
184.666641235352
227.999984741211
266.0
362.0
-80.5000228881836
58.3333396911621
68.8333435058594
107.333335876465
143.999969482422
181.833312988281
225.166656494141
263.166656494141
364.0
-83.1666870117188
55.6666717529297
66.1666793823242
104.66667175293
141.333297729492
179.166641235352
222.499984741211
260.5
366.166656494141
-85.6666870117188
53.1666717529297
63.6666793823242
102.16667175293
138.833297729492
176.666641235352
219.999984741211
258.0
368.5
-88.0000228881836
50.8333396911621
61.3333473205566
99.8333358764648
136.499969482422
174.333312988281
217.666656494141
255.66667175293
371.0
-90.1666870117188
48.6666717529297
59.1666793823242
97.6666717529297
134.333297729492
172.166641235352
215.499984741211
253.5
373.666656494141
-92.1666870117188
46.6666717529297
57.1666793823242
95.6666717529297
132.333297729492
170.166641235352
213.499984741211
251.5
376.5
-94.0000228881836
44.8333396911621
55.3333473205566
93.8333358764648
130.499969482422
168.333312988281
211.666656494141
249.66667175293
379.5
-95.6666870117188
43.1666717529297
53.6666793823242
92.1666717529297
128.833297729492
166.666641235352
209.999984741211
248.0
382.666656494141
-97.1666870117188
41.6666717529297
52.1666793823242
90.6666717529297
127.333297729492
165.166641235352
208.499984741211
246.5
386.0
-98.5000228881836
40.3333396911621
50.8333473205566
89.3333358764648
125.999961853027
163.833312988281
207.166656494141
245.16667175293
389.5
-99.6666870117188
39.1666717529297
49.6666793823242
88.1666717529297
124.833297729492
162.666641235352
205.999984741211
244.0
393.166656494141
-100.666687011719
38.1666717529297
48.6666793823242
87.1666717529297
123.833297729492
161.666641235352
204.999984741211
243.0
397.0
-101.500022888184
37.3333396911621
47.8333473205566
86.3333358764648
122.999961853027
160.833312988281
204.166656494141
242.16667175293
401.0
-102.166687011719
36.6666717529297
47.1666793823242
85.6666717529297
122.333297729492
160.166641235352
203.499984741211
241.5
405.166656494141
-102.666687011719
36.1666717529297
46.6666793823242
85.1666717529297
121.833297729492
159.666641235352
202.999984741211
241.0
409.5
-103.000022888184
35.8333396911621
46.3333473205566
84.8333358764648
121.499961853027
159.333312988281
202.666656494141
240.66667175293
414.0
-103.166687011719
35.6666717529297
46.1666793823242
84.6666717529297
121.333297729492
159.166641235352
202.499984741211
240.5
418.666656494141
-103.166687011719
35.6666717529297
46.1666793823242
84.6666717529297
121.333297729492
159.166641235352
202.499984741211
240.5
423.5
-103.000022888184
35.8333396911621
46.3333473205566
84.8333358764648
121.499961853027
159.333312988281
202.666656494141
240.66667175293
428.5
-102.666687011719
36.1666717529297
46.6666793823242
85.1666717529297
121.833297729492
159.666641235352
202.999984741211
241.0
433.666656494141
-102.166687011719
36.6666717529297
47.1666793823242
85.6666717529297
122.333297729492
160.166641235352
203.499984741211
241.5
439.0
-101.500022888184
37.3333396911621
47.8333473205566
86.3333358764648
122.999961853027
160.833312988281
204.166656494141
242.16667175293
444.5
-100.666687011719
38.1666717529297
48.6666793823242
87.1666717529297
123.833297729492
161.666641235352
204.999984741211
243.0
450.166656494141
-99.6666870117188
39.1666717529297
49.6666793823242
88.1666717529297
124.833297729492
162.666641235352
205.999984741211
244.0
456.0
-98.5000228881836
40.3333396911621
50.8333473205566
89.3333358764648
125.999961853027
163.833312988281
207.166656494141
245.16667175293
462.0
-97.1666870117188
41.6666717529297
52.1666793823242
90.6666717529297
127.333297729492
165.166641235352
208.499984741211
246.5
468.166656494141
-95.6666870117188
43.1666717529297
53.6666793823242
92.1666717529297
128.833297729492
166.666641235352
209.999984741211
248.0
474.5
-94.0000228881836
44.8333396911621
55.3333473205566
93.8333358764648
130.499969482422
168.333312988281
211.666656494141
249.66667175293
481.0
-92.1666870117188
46.6666717529297
57.1666793823242
95.6666717529297
132.333297729492
170.166641235352
213.499984741211
251.5
487.666656494141
-90.1666870117188
48.6666717529297
59.1666793823242
97.6666717529297
134.333297729492
172.166641235352
215.499984741211
253.5
494.5
-88.0000228881836
50.8333396911621
61.3333473205566
99.8333358764648
136.499969482422
174.333312988281
217.666656494141
255.66667175293
501.5
-85.6666870117188
53.1666717529297
63.6666793823242
102.16667175293
138.833297729492
176.666641235352
219.999984741211
258.0
508.666656494141
-83.1666870117188
55.6666717529297
66.1666793823242
104.66667175293
141.333297729492
179.166641235352
222.499984741211
260.5
516.0
-80.5000228881836
58.3333396911621
68.8333435058594
107.333335876465
143.999969482422
181.833312988281
225.166656494141
263.166656494141
523.5
-77.6666870117188
61.1666717529297
71.6666793823242
110.16667175293
146.833297729492
184.666641235352
227.999984741211
266.0
531.166687011719
-74.6666870117188
64.1666717529297
74.6666793823242
113.16667175293
149.833297729492
187.666641235352
230.999984741211
269.0
539.0
-71.5000228881836
67.3333358764648
77.8333435058594
116.333335876465
152.999969482422
190.833312988281
234.166656494141
272.166656494141
547.0
-68.1666870117188
70.6666717529297
81.1666793823242
119.66667175293
156.333297729492
194.166641235352
237.499984741211
275.5
555.166687011719
-64.6666870117188
74.1666717529297
84.6666793823242
123.16667175293
159.833297729492
197.666641235352
240.999984741211
279.0
563.5
-61.0000190734863
77.8333358764648
88.3333435058594
126.833335876465
163.499969482422
201.333312988281
244.666656494141
282.666656494141
572.0
-57.1666870117188
81.6666717529297
92.1666793823242
130.66667175293
167.333297729492
205.166641235352
248.499984741211
286.5
580.666687011719
-53.1666870117188
85.6666717529297
96.1666793823242
134.66667175293
171.333297729492
209.166641235352
252.499984741211
290.5
589.5
-49.0000190734863
89.8333358764648
100.333343505859
138.833343505859
175.499969482422
213.333312988281
256.666656494141
294.666656494141
598.5
-44.6666870117188
94.1666717529297
104.666679382324
143.16667175293
179.833297729492
217.666641235352
261.0
299.0
607.666687011719
-40.1666870117188
98.6666717529297
109.166679382324
147.66667175293
184.333297729492
222.166641235352
265.5
303.5
617.0
-35.5000190734863
103.333335876465
113.833343505859
152.333343505859
188.999969482422
226.833312988281
270.166656494141
308.166656494141
626.5
-30.6666851043701
108.16667175293
118.666679382324
157.16667175293
193.833297729492
231.666641235352
275.0
313.0
636.166687011719
-25.6666851043701
113.16667175293
123.666679382324
162.16667175293
198.833297729492
236.666641235352
280.0
318.0
646.0
-31.6666851043701
107.16667175293
117.666679382324
156.16667175293
192.833297729492
230.666641235352
274.0
312.0
640.0
-37.5000190734863
101.333335876465
111.833343505859
150.333343505859
186.999969482422
224.833312988281
268.166656494141
306.166656494141
634.166687011719
-43.1666870117188
95.6666717529297
106.166679382324
144.66667175293
181.333297729492
219.166641235352
262.5
300.5
628.5
-48.6666870117188
90.1666717529297
100.666679382324
139.16667175293
175.833297729492
213.666641235352
257.0
295.0
623.0
-54.0000190734863
84.8333358764648
95.3333435058594
133.833343505859
170.499969482422
208.333312988281
251.66667175293
289.666656494141
617.666687011719
-59.1666870117188
79.6666717529297
90.1666793823242
128.66667175293
165.333297729492
203.166641235352
246.5
284.5
612.5
-64.1666870117188
74.6666717529297
85.1666793823242
123.66667175293
160.333297729492
198.166641235352
241.5
279.5
607.5
351.0
-69.0000228881836
69.8333358764648
80.3333435058594
118.833335876465
155.499969482422
193.333312988281
236.66667175293
274.666656494141
602.666687011719
351.166656494141
-73.6666870117188
65.1666717529297
75.6666793823242
114.16667175293
150.833297729492
188.666641235352
232.0
270.0
598.0
351.5
-78.1666870117188
60.6666717529297
71.1666793823242
109.66667175293
146.333297729492
184.166641235352
227.5
265.5
593.5
352.0
-82.5000228881836
56.3333396911621
66.8333435058594
105.333335876465
141.999969482422
179.833312988281
223.16667175293
261.166656494141
589.166687011719
352.666656494141
-86.6666870117188
52.1666717529297
62.666675567627
101.16667175293
137.833297729492
175.666641235352
219.0
257.0
585.0
353.5
-90.6666870117188
48.1666717529297
58.666675567627
97.1666717529297
133.833297729492
171.666641235352
215.0
253.0
581.0
354.5
-94.5000228881836
44.3333396911621
54.8333435058594
93.3333358764648
129.999969482422
167.833312988281
211.16667175293
249.16667175293
577.166687011719
355.666656494141
-98.1666870117188
40.6666717529297
51.166675567627
89.6666717529297
126.333305358887
164.166641235352
207.5
245.5
573.5
357.0
-101.666687011719
37.1666717529297
47.666675567627
86.1666717529297
122.833305358887
160.666641235352
204.0
242.0
570.0
358.5
-105.000022888184
33.8333396911621
44.3333435058594
82.8333358764648
119.499969482422
157.333312988281
200.66667175293
238.66667175293
566.666687011719
360.166656494141
-108.166687011719
30.6666736602783
41.166675567627
79.6666717529297
116.333305358887
154.166641235352
197.5
235.5
563.5
362.0
-111.166687011719
27.6666736602783
38.166675567627
76.6666717529297
113.333305358887
151.166641235352
194.5
232.5
560.5
364.0
-114.000022888184
24.8333396911621
35.3333435058594
73.8333358764648
110.499969482422
148.333312988281
191.66667175293
229.66667175293
557.666687011719
366.166656494141
-116.666687011719
22.1666736602783
32.666675567627
71.1666717529297
107.833305358887
145.666641235352
189.0
227.0
555.0
368.5
-119.166687011719
19.6666736602783
30.166675567627
68.6666717529297
105.333305358887
143.166641235352
186.5
224.5
552.5
371.0
-121.500022888184
17.3333396911621
27.8333415985107
66.3333358764648
102.999969482422
140.833312988281
184.16667175293
222.16667175293
550.166687011719
373.666656494141
-123.666687011719
15.166672706604
25.666675567627
64.1666717529297
100.833305358887
138.666641235352
182.0
220.0
548.0
376.5
-125.666687011719
13.166672706604
23.666675567627
62.1666717529297
98.8333053588867
136.666641235352
180.0
218.0
546.0
379.5
-127.500022888184
11.3333396911621
21.8333415985107
60.3333396911621
96.9999694824219
134.833312988281
178.16667175293
216.16667175293
544.166687011719
382.666656494141
-129.166687011719
9.666672706604
20.166675567627
58.6666717529297
95.3333053588867
133.166641235352
176.5
214.5
542.5
386.0
-130.666687011719
8.166672706604
18.666675567627
57.1666717529297
93.8333053588867
131.666641235352
175.0
213.0
541.0
389.5
-132.000015258789
6.83333921432495
17.3333415985107
55.8333396911621
92.4999694824219
130.333312988281
173.66667175293
211.66667175293
539.666687011719
393.166656494141
-133.166687011719
5.666672706604
16.166675567627
54.6666717529297
91.3333053588867
129.166641235352
172.5
210.5
538.5
397.0
-134.166687011719
4.666672706604
15.166675567627
53.6666717529297
90.3333053588867
128.166641235352
171.5
209.5
537.5
401.0
-135.000015258789
3.83333945274353
14.3333425521851
52.8333396911621
89.4999694824219
127.333305358887
170.66667175293
208.66667175293
536.666687011719
405.166656494141
-135.666687011719
3.166672706604
13.666675567627
52.1666717529297
88.8333053588867
126.666641235352
170.0
208.0
536.0
409.5
-136.166687011719
2.666672706604
13.166675567627
51.6666717529297
88.3333053588867
126.166641235352
169.5
207.5
535.5
414.0
-136.500015258789
2.33333945274353
12.8333425521851
51.3333396911621
87.9999694824219
125.833305358887
169.16667175293
207.16667175293
535.166687011719
418.666656494141
-136.666687011719
2.166672706604
12.666675567627
51.1666717529297
87.8333053588867
125.666641235352
169.0
207.0
535.0
423.5
-136.666687011719
2.166672706604
12.666675567627
51.1666717529297
87.8333053588867
125.666641235352
169.0
207.0
535.0
428.5
-136.500015258789
2.33333945274353
12.8333425521851
51.3333396911621
87.9999694824219
125.833305358887
169.16667175293
207.16667175293
535.166687011719
433.666656494141
-136.166687011719
2.666672706604
13.166675567627
51.6666717529297
88.3333053588867
126.166641235352
169.5
207.5
535.5
439.0
-135.666687011719
3.166672706604
13.666675567627
52.1666717529297
88.8333053588867
126.666641235352
170.0
208.0
536.0
444.5
-135.000015258789
3.83333945274353
14.3333425521851
52.8333396911621
89.4999694824219
127.333305358887
170.66667175293
208.66667175293
536.666687011719
450.166656494141
-134.166687011719
4.666672706604
15.166675567627
53.6666717529297
90.3333053588867
128.166641235352
171.5
209.5
537.5
456.0
-133.166687011719
5.666672706604
16.166675567627
54.6666717529297
91.3333053588867
129.166641235352
172.5
210.5
538.5
462.0
-132.000015258789
6.83333921432495
17.3333415985107
55.8333396911621
92.4999694824219
130.333312988281
173.66667175293
211.66667175293
539.666687011719
468.166656494141
-130.666687011719
8.166672706604
18.666675567627
57.1666717529297
93.8333053588867
131.666641235352
175.0
213.0
541.0
474.5
-129.166687011719
9.666672706604
20.166675567627
58.6666717529297
95.3333053588867
133.166641235352
176.5
214.5
542.5
481.0
-127.500022888184
11.3333396911621
21.8333415985107
60.3333396911621
96.9999694824219
134.833312988281
178.16667175293
216.16667175293
544.166687011719
487.666656494141
-125.666687011719
13.166672706604
23.666675567627
62.1666717529297
98.8333053588867
136.666641235352
180.0
218.0
546.0
494.5
-123.666687011719
15.166672706604
25.666675567627
64.1666717529297
100.833305358887
138.666641235352
182.0
220.0
548.0
501.5
-121.500022888184
17.3333396911621
27.8333415985107
66.3333358764648
102.999969482422
140.833312988281
184.16667175293
222.16667175293
550.166687011719
508.666656494141
-119.166687011719
19.6666736602783
30.166675567627
68.6666717529297
105.333305358887
143.166641235352
186.5
224.5
552.5
516.0
-116.666687011719
22.1666736602783
32.666675567627
71.1666717529297
107.833305358887
145.666641235352
189.0
227.0
555.0
523.5
-114.000022888184
24.8333396911621
35.3333435058594
73.8333358764648
110.499969482422
148.333312988281
191.66667175293
229.66667175293
557.666687011719
531.166687011719
-111.166687011719
27.6666736602783
38.166675567627
76.6666717529297
113.333305358887
151.166641235352
194.5
232.5
560.5
539.0
Player
Player
-108.166687011719
30.6666736602783
41.166675567627
79.6666717529297
116.333305358887
154.166641235352
197.5
235.5
563.5
547.0
-105.000022888184
33.8333396911621
44.3333435058594
82.8333358764648
119.499969482422
157.333312988281
200.66667175293
238.66667175293
566.666687011719
555.166687011719
-101.666687011719
37.1666717529297
47.666675567627
86.1666717529297
122.833305358887
160.666641235352
204.0
242.0
570.0
563.5
-98.1666870117188
40.6666717529297
51.166675567627
89.6666717529297
126.333305358887
164.166641235352
207.5
245.5
573.5
572.0
-94.5000228881836
44.3333396911621
54.8333435058594
93.3333358764648
129.999969482422
167.833312988281
211.16667175293
249.16667175293
577.166687011719
580.666687011719
-90.6666870117188
48.1666717529297
58.666675567627
97.1666717529297
133.833297729492
171.666641235352
215.0
253.0
581.0
589.5
-86.6666870117188
52.1666717529297
62.666675567627
101.16667175293
137.833297729492
175.666641235352
219.0
257.0
585.0
598.5
-82.5000228881836
56.3333396911621
66.8333435058594
105.333335876465
141.999969482422
179.833312988281
223.16667175293
261.166656494141
589.166687011719
607.666687011719
-78.1666870117188
60.6666717529297
71.1666793823242
109.66667175293
146.333297729492
184.166641235352
227.5
265.5
593.5
617.0
-73.6666870117188
65.1666717529297
75.6666793823242
114.16667175293
150.833297729492
188.666641235352
232.0
270.0
598.0
626.5
-69.0000228881836
69.8333358764648
80.3333435058594
118.833335876465
155.499969482422
193.333312988281
236.66667175293
274.666656494141
602.666687011719
636.166687011719
-64.1666870117188
74.6666717529297
85.1666793823242
123.66667175293
160.333297729492
198.166641235352
241.5
279.5
607.5
646.0
-59.1666870117188
79.6666717529297
90.1666793823242
128.66667175293
165.333297729492
203.166641235352
246.5
284.5
612.5
656.0
-54.0000190734863
84.8333358764648
95.3333435058594
133.833343505859
170.499969482422
208.333312988281
251.66667175293
289.666656494141
617.666687011719
666.166687011719
-48.6666870117188
90.1666717529297
100.666679382324
139.16667175293
175.833297729492
213.666641235352
257.0
295.0
623.0
676.5
-43.1666870117188
95.6666717529297
106.166679382324
144.66667175293
181.333297729492
219.166641235352
262.5
300.5
628.5
687.0
-37.5000190734863
101.333335876465
111.833343505859
150.333343505859
186.999969482422
224.833312988281
268.166656494141
306.166656494141
634.166687011719
697.666687011719
-31.6666851043701
107.16667175293
117.666679382324
156.16667175293
192.833297729492
230.666641235352
274.0
312.0
640.0
708.5
-25.6666851043701
113.16667175293
123.666679382324
162.16667175293
198.833297729492
236.666641235352
280.0
318.0
646.0
719.5
-19.5000190734863
119.333335876465
129.833343505859
168.333343505859
204.999969482422
242.833312988281
286.166656494141
324.166656494141
652.166687011719
730.666687011719
-13.1666860580444
125.66667175293
136.16667175293
174.66667175293
211.333297729492
249.166641235352
292.5
330.5
658.5
742.0
-6.66668605804443
132.16667175293
142.66667175293
181.16667175293
217.833297729492
255.666641235352
299.0
337.0
665.0
753.5
-0.00001939137837
138.833343505859
149.333343505859
187.833343505859
224.499969482422
262.333312988281
305.666656494141
343.666656494141
671.666687011719
765.166687011719
6.83331394195557
145.66667175293
156.16667175293
194.66667175293
231.333297729492
269.166656494141
312.5
350.5
678.5
777.0
13.8333139419556
152.66667175293
163.16667175293
201.66667175293
238.333297729492
276.166656494141
319.5
357.5
685.5
789.0
20.9999809265137
159.833343505859
170.333343505859
208.833343505859
245.499969482422
283.333312988281
326.666656494141
364.666656494141
692.666687011719
801.166687011719
28.3333148956299
167.16667175293
177.66667175293
216.16667175293
252.833297729492
290.666656494141
334.0
372.0
700.0
813.5
35.8333168029785
174.66667175293
185.16667175293
223.66667175293
260.333312988281
298.166656494141
341.5
379.5
707.5
826.0
43.4999847412109
182.333343505859
192.833343505859
231.333343505859
267.999969482422
305.833312988281
349.166656494141
387.166656494141
715.166687011719
838.666687011719
51.3333168029785
190.16667175293
200.66667175293
239.16667175293
275.833312988281
313.666656494141
357.0
395.0
723.0
851.5
59.3333168029785
198.16667175293
208.66667175293
247.16667175293
283.833312988281
321.666656494141
365.0
403.0
731.0
864.5
67.4999847412109
206.333343505859
216.833343505859
255.333343505859
291.999969482422
329.833312988281
373.166656494141
411.166656494141
739.166687011719
877.666687011719
75.8333206176758
214.66667175293
225.16667175293
263.666687011719
300.333312988281
338.166656494141
381.5
419.5
747.5
891.0
84.3333206176758
223.16667175293
233.66667175293
272.166687011719
308.833312988281
346.666656494141
390.0
428.0
756.0
904.5
92.9999847412109
231.833343505859
242.333343505859
280.833343505859
317.499969482422
355.333312988281
398.666656494141
436.666656494141
764.666687011719
918.166687011719
101.833320617676
240.66667175293
251.16667175293
289.666687011719
326.333312988281
364.166656494141
407.5
445.5
773.5
932.0
110.833320617676
249.66667175293
260.166687011719
298.666687011719
335.333312988281
373.166656494141
416.5
454.5
782.5
946.0
104.833320617676
243.66667175293
254.166687011719
292.666687011719
329.333312988281
367.166656494141
410.5
448.5
776.5
940.0
98.9999847412109
237.833343505859
248.333358764648
286.833343505859
323.499969482422
361.333312988281
404.666656494141
442.666656494141
770.666687011719
934.166687011719
93.3333206176758
232.16667175293
242.666687011719
281.166687011719
317.833312988281
355.666656494141
399.0
437.0
765.0
928.5
87.8333206176758
226.66667175293
237.166687011719
275.666687011719
312.333312988281
350.166656494141
393.5
431.5
759.5
923.0
82.4999847412109
221.333343505859
231.833358764648
270.333343505859
306.999969482422
344.833312988281
388.166656494141
426.166656494141
754.166687011719
917.666687011719
77.3333206176758
216.16667175293
226.666687011719
265.166687011719
301.833312988281
339.666656494141
383.0
421.0
749.0
912.5
72.3333206176758
211.16667175293
221.666687011719
260.166687011719
296.833312988281
334.666656494141
378.0
416.0
744.0
907.5
67.4999847412109
206.333343505859
216.833358764648
255.333358764648
291.999969482422
329.833312988281
373.166656494141
411.166656494141
739.166687011719
902.666687011719
62.8333168029785
201.66667175293
212.166687011719
250.666687011719
287.333312988281
325.166656494141
368.5
406.5
734.5
898.0
58.3333168029785
197.16667175293
207.666687011719
246.166687011719
282.833312988281
320.666656494141
364.0
402.0
730.0
893.5
53.9999847412109
192.833343505859
203.333358764648
241.833358764648
278.499969482422
316.333312988281
359.666656494141
397.666656494141
725.666687011719
889.166687011719
49.8333168029785
188.66667175293
199.166687011719
237.666687011719
274.333312988281
312.166656494141
355.5
393.5
721.5
885.0
45.8333168029785
184.66667175293
195.166687011719
233.666687011719
270.333312988281
308.166656494141
351.5
389.5
717.5
881.0
351.0
Player
Player
41.9999847412109
180.833343505859
191.333358764648
229.833358764648
266.499969482422
304.333312988281
347.666656494141
385.666656494141
713.666687011719
877.166687011719
351.166656494141
38.3333168029785
177.16667175293
187.666687011719
226.166687011719
262.833312988281
300.666656494141
344.0
382.0
710.0
873.5
351.5
34.8333168029785
173.66667175293
184.166687011719
222.666687011719
259.333312988281
297.166656494141
340.5
378.5
706.5
870.0
352.0
31.4999828338623
170.333343505859
180.833358764648
219.333358764648
255.999984741211
293.833312988281
337.166656494141
375.166656494141
703.166687011719
866.666687011719
352.666656494141
Player
Player
28.3333168029785
167.16667175293
177.666687011719
216.166687011719
252.833312988281
290.666656494141
334.0
372.0
700.0
863.5
353.5
25.3333168029785
164.16667175293
174.666687011719
213.166687011719
249.833312988281
287.666656494141
331.0
369.0
697.0
860.5
354.5
22.4999828338623
161.333343505859
171.833358764648
210.333358764648
246.999984741211
284.833312988281
328.166656494141
366.166656494141
694.166687011719
857.666687011719
355.666656494141
19.8333168029785
158.66667175293
169.166687011719
207.666687011719
244.333312988281
282.166656494141
325.5
363.5
691.5
855.0
357.0
17.3333168029785
156.16667175293
166.666687011719
205.166687011719
241.833312988281
279.666656494141
323.0
361.0
689.0
852.5
358.5
11.3333168029785
150.16667175293
160.666687011719
199.166687011719
235.833312988281
273.666656494141
317.0
355.0
683.0
846.5
352.5
5.49998331069946
144.333343505859
154.833358764648
193.333358764648
229.999984741211
267.833312988281
311.166656494141
349.166656494141
677.166687011719
840.666687011719
346.666656494141
-0.16668336093426
138.66667175293
149.166687011719
187.666687011719
224.333312988281
262.166656494141
305.5
343.5
671.5
835.0
341.0
-5.66668319702148
133.16667175293
143.666687011719
182.166687011719
218.833312988281
256.666656494141
300.0
338.0
666.0
829.5
335.5
-11.0000162124634
127.833335876465
138.333358764648
176.833358764648
213.499984741211
251.33332824707
294.666656494141
332.666656494141
660.666687011719
824.166687011719
330.166656494141
-16.1666831970215
122.66667175293
133.166687011719
171.666687011719
208.333312988281
246.166656494141
289.5
327.5
655.5
819.0
325.0
-21.1666831970215
117.66667175293
128.166687011719
166.666687011719
203.333312988281
241.166656494141
284.5
322.5
650.5
814.0
320.0
-26.0000171661377
112.833335876465
123.333351135254
161.833358764648
198.499984741211
236.33332824707
279.666656494141
317.666656494141
645.666687011719
809.166687011719
315.166656494141
-30.6666831970215
108.16667175293
118.666687011719
157.166687011719
193.833312988281
231.666656494141
275.0
313.0
641.0
804.5
310.5
351.0
-35.1666831970215
103.66667175293
114.166687011719
152.666687011719
189.333312988281
227.166656494141
270.5
308.5
636.5
800.0
306.0
351.166656494141
-39.5000152587891
99.3333358764648
109.833351135254
148.333358764648
184.999984741211
222.83332824707
266.166656494141
304.166656494141
632.166687011719
795.666687011719
301.666656494141
351.5
-43.6666831970215
95.1666717529297
105.666687011719
144.166687011719
180.833312988281
218.666656494141
262.0
300.0
628.0
791.5
297.5
352.0
-47.6666831970215
91.1666717529297
101.666687011719
140.166687011719
176.833312988281
214.666656494141
258.0
296.0
624.0
787.5
293.5
352.666656494141
-51.5000152587891
87.3333358764648
97.8333511352539
136.333358764648
172.999984741211
210.83332824707
254.16667175293
292.166656494141
620.166687011719
783.666687011719
289.666656494141
353.5
-55.1666831970215
83.6666717529297
94.1666870117188
132.666687011719
169.333312988281
207.166656494141
250.5
288.5
616.5
780.0
286.0
354.5
-58.6666831970215
80.1666717529297
90.6666870117188
129.166687011719
165.833312988281
203.666656494141
247.0
285.0
613.0
776.5
282.5
355.666656494141
-64.6666870117188
74.1666717529297
84.6666870117188
123.166687011719
159.833312988281
197.666656494141
241.0
279.0
607.0
770.5
276.5
349.666656494141
-70.5000228881836
68.3333358764648
78.8333511352539
117.333351135254
153.999984741211
191.83332824707
235.16667175293
273.166656494141
601.166687011719
764.666687011719
270.666656494141
343.833312988281
-76.1666870117188
62.6666679382324
73.1666870117188
111.666687011719
148.333312988281
186.166656494141
229.5
267.5
595.5
759.0
265.0
338.166656494141
-81.6666870117188
57.1666679382324
67.6666870117188
106.166687011719
142.833312988281
180.666656494141
224.0
262.0
590.0
753.5
259.5
332.666656494141
-87.0000228881836
51.8333358764648
62.3333549499512
100.833351135254
137.499984741211
175.33332824707
218.66667175293
256.666656494141
584.666687011719
748.166687011719
254.16667175293
327.333312988281
-92.1666870117188
46.6666679382324
57.1666870117188
95.6666870117188
132.333312988281
170.166656494141
213.5
251.499984741211
579.5
743.0
249.0
322.166656494141
-97.1666870117188
41.6666679382324
52.1666870117188
90.6666870117188
127.333312988281
165.166656494141
208.5
246.499984741211
574.5
738.0
244.0
317.166656494141
-102.000022888184
36.8333358764648
47.3333549499512
85.8333511352539
122.499977111816
160.33332824707
203.66667175293
241.666656494141
569.666687011719
733.166687011719
239.16667175293
312.333312988281
-106.666687011719
32.1666679382324
42.6666870117188
81.1666870117188
117.833312988281
155.666656494141
199.0
236.999984741211
565.0
728.5
234.5
307.666656494141
-111.166687011719
27.6666679382324
38.1666870117188
76.6666870117188
113.333312988281
151.166656494141
194.5
232.499984741211
560.5
724.0
230.0
303.166656494141
-115.500022888184
23.3333339691162
33.8333549499512
72.3333511352539
108.999977111816
146.83332824707
190.16667175293
228.166656494141
556.166687011719
719.666687011719
225.66667175293
298.833312988281
351.0
-119.666687011719
19.1666679382324
29.6666889190674
68.1666870117188
104.833312988281
142.666656494141
186.0
223.999984741211
552.0
715.5
221.5
294.666656494141
351.166656494141
-123.666687011719
15.1666679382324
25.6666889190674
64.1666870117188
100.833312988281
138.666656494141
182.0
219.999984741211
548.0
711.5
217.5
290.666656494141
351.5
-127.500022888184
11.3333349227905
21.8333549499512
60.3333549499512
96.9999771118164
134.83332824707
178.16667175293
216.166656494141
544.166687011719
707.666687011719
213.66667175293
286.833312988281
352.0
-131.166687011719
7.66666841506958
18.1666889190674
56.6666870117188
93.3333129882813
131.166656494141
174.5
212.499984741211
540.5
704.0
210.0
283.166656494141
352.666656494141
-134.666687011719
4.16666841506958
14.6666889190674
53.1666870117188
89.8333129882813
127.666656494141
171.0
208.999984741211
537.0
700.5
206.5
279.666656494141
353.5
-138.000015258789
0.83333510160446
11.3333559036255
49.8333549499512
86.4999771118164
124.333320617676
167.66667175293
205.666656494141
533.666687011719
697.166687011719
203.16667175293
276.333312988281
354.5
-141.166687011719
-2.33333158493042
8.16668891906738
46.6666870117188
83.3333129882813
121.166656494141
164.5
202.499984741211
530.5
694.0
200.0
273.166656494141
355.666656494141
-144.166687011719
-5.33333158493042
5.16668891906738
43.6666870117188
80.3333129882813
118.166656494141
161.5
199.499984741211
527.5
691.0
197.0
270.166656494141
357.0
-147.000015258789
-8.16666507720947
2.33335566520691
40.8333549499512
77.4999771118164
115.333320617676
158.66667175293
196.666656494141
524.666687011719
688.166687011719
194.16667175293
267.333312988281
358.5
-149.666687011719
-10.8333320617676
-0.33331099152565
38.1666870117188
74.8333129882813
112.666656494141
156.0
193.999984741211
522.0
685.5
191.5
264.666656494141
360.166656494141
-152.166687011719
-13.3333320617676
-2.83331108093262
35.6666870117188
72.3333129882813
110.166656494141
153.5
191.499984741211
519.5
683.0
189.0
262.166656494141
362.0
-158.166687011719
-19.3333320617676
-8.83331108093262
29.6666870117188
66.3333129882813
104.166656494141
147.5
185.499984741211
513.5
677.0
183.0
256.166656494141
356.0
-164.000015258789
-25.1666660308838
-14.6666440963745
23.8333530426025
60.4999809265137
98.3333206176758
141.66667175293
179.666656494141
507.666656494141
671.166687011719
177.16667175293
250.33332824707
350.166656494141
-169.666687011719
-30.8333320617676
-20.3333110809326
18.1666870117188
54.8333129882813
92.6666564941406
136.0
173.999984741211
502.0
665.5
171.5
244.666656494141
344.5
-175.166687011719
-36.3333320617676
-25.8333110809326
12.6666870117188
49.3333129882813
87.1666564941406
130.5
168.499984741211
496.5
660.0
166.0
239.166656494141
339.0
-180.500015258789
-41.6666641235352
-31.1666450500488
7.3333535194397
43.9999809265137
81.8333206176758
125.166664123535
163.166656494141
491.166656494141
654.666687011719
160.66667175293
233.83332824707
333.666656494141
-185.666687011719
-46.8333320617676
-36.3333129882813
2.16668677330017
38.8333129882813
76.6666564941406
120.0
157.999984741211
486.0
649.5
155.5
228.666656494141
328.5
-190.666687011719
-51.8333320617676
-41.3333129882813
-2.83331322669983
33.8333129882813
71.6666564941406
115.0
152.999984741211
481.0
644.5
150.5
223.666656494141
323.5
-195.500015258789
-56.6666641235352
-46.1666450500488
-7.6666464805603
28.999979019165
66.8333206176758
110.166664123535
148.166656494141
476.166656494141
639.666687011719
145.66667175293
218.83332824707
318.666656494141
-200.166687011719
-61.3333320617676
-50.8333129882813
-12.3333129882813
24.3333129882813
62.1666526794434
105.5
143.499984741211
471.5
635.0
141.0
214.166656494141
314.0
-204.666687011719
-65.8333282470703
-55.3333129882813
-16.8333129882813
19.8333129882813
57.6666526794434
101.0
138.999984741211
467.0
630.5
136.5
209.666656494141
309.5
-209.000015258789
-70.1666641235352
-59.6666450500488
-21.1666469573975
15.4999799728394
53.3333206176758
96.6666641235352
134.666656494141
462.666656494141
626.166687011719
132.16667175293
205.33332824707
305.166656494141
-213.166687011719
-74.3333282470703
-63.8333129882813
-25.3333129882813
11.3333129882813
49.1666526794434
92.5
130.499984741211
458.5
622.0
128.0
201.166656494141
301.0
351.0
-217.166687011719
-78.3333282470703
-67.8333129882813
-29.3333129882813
7.33331298828125
45.1666526794434
88.5
126.499984741211
454.5
618.0
124.0
197.166656494141
297.0
351.166656494141
-221.000015258789
-82.1666641235352
-71.6666488647461
-33.1666450500488
3.49997973442078
41.3333206176758
84.6666641235352
122.666648864746
450.666656494141
614.166687011719
120.166664123535
193.33332824707
293.166656494141
351.5
-224.666687011719
-85.8333282470703
-75.3333129882813
-36.8333129882813
-0.16668693721294
37.6666526794434
81.0
118.999984741211
447.0
610.5
116.5
189.666656494141
289.5
352.0
-228.166687011719
-89.3333282470703
-78.8333129882813
-40.3333129882813
-3.66668701171875
34.1666526794434
77.5
115.499984741211
443.5
607.0
113.0
186.166656494141
286.0
352.666656494141
-231.500015258789
-92.6666641235352
-82.1666488647461
-43.6666450500488
-7.0000205039978
30.8333187103271
74.1666641235352
112.166648864746
440.166656494141
603.666687011719
109.666664123535
182.83332824707
282.666656494141
353.5
-234.666687011719
-95.8333282470703
-85.3333129882813
-46.8333129882813
-10.1666870117188
27.6666526794434
71.0
108.999984741211
437.0
600.5
106.5
179.666656494141
279.5
354.5
-237.666687011719
-98.8333282470703
-88.3333129882813
-49.8333129882813
-13.1666870117188
24.6666526794434
68.0
105.999984741211
434.0
597.5
103.5
176.666656494141
276.5
355.666656494141
-240.500015258789
-101.666664123535
-91.1666488647461
-52.6666450500488
-16.000020980835
21.8333187103271
65.1666641235352
103.166648864746
431.166656494141
594.666687011719
100.666664123535
173.83332824707
273.666656494141
357.0
-246.500015258789
-107.666664123535
-97.1666488647461
-58.6666450500488
-22.000020980835
15.8333187103271
59.1666641235352
97.1666488647461
425.166656494141
588.666687011719
94.6666641235352
167.83332824707
267.666656494141
351.0
-252.333343505859
-113.5
-102.999984741211
-64.4999771118164
-27.8333549499512
9.99998569488525
53.3333320617676
91.3333129882813
419.333312988281
582.833374023438
88.8333282470703
162.0
261.833312988281
345.166656494141
-258.0
-119.166664123535
-108.666648864746
-70.1666412353516
-33.5000228881836
4.33331918716431
47.6666641235352
85.6666488647461
413.666656494141
577.166687011719
83.1666641235352
156.33332824707
256.166656494141
339.5
-263.5
-124.666664123535
-114.166648864746
-75.6666412353516
-39.0000228881836
-1.16668081283569
42.1666641235352
80.1666488647461
408.166656494141
571.666687011719
77.6666641235352
150.83332824707
250.666656494141
334.0
-268.833343505859
-130.0
-119.499984741211
-80.9999771118164
-44.3333549499512
-6.50001430511475
36.8333320617676
74.8333129882813
402.833312988281
566.333374023438
72.3333282470703
145.5
245.33332824707
328.666656494141
-274.0
-135.16667175293
-124.666648864746
-86.1666412353516
-49.5000228881836
-11.6666812896729
31.6666660308838
69.6666488647461
397.666656494141
561.166687011719
67.1666641235352
140.33332824707
240.166656494141
323.5
-279.0
-140.16667175293
-129.666656494141
-91.1666412353516
-54.5000228881836
-16.6666812896729
26.6666660308838
64.6666488647461
392.666656494141
556.166687011719
62.1666641235352
135.33332824707
235.166656494141
318.5
-283.833343505859
-145.0
-134.499984741211
-95.9999771118164
-59.3333549499512
-21.5000152587891
21.8333320617676
59.8333168029785
387.833312988281
551.333374023438
57.3333320617676
130.5
230.33332824707
313.666656494141
-288.5
-149.66667175293
-139.166656494141
-100.666641235352
-64.0000228881836
-26.1666812896729
17.1666660308838
55.1666488647461
383.166656494141
546.666687011719
52.6666641235352
125.833335876465
225.666656494141
309.0
351.0
-293.0
-154.16667175293
-143.666656494141
-105.166641235352
-68.5000228881836
-30.6666812896729
12.6666660308838
50.6666488647461
378.666656494141
542.166687011719
48.1666641235352
121.333335876465
221.166656494141
304.5
351.166656494141
-297.333343505859
-158.5
-147.999984741211
-109.499977111816
-72.8333587646484
-35.0000152587891
8.33333301544189
46.3333168029785
374.333312988281
537.833374023438
43.8333320617676
117.0
216.83332824707
300.166656494141
351.5
Player
Player
-301.5
-162.66667175293
-152.166656494141
-113.666641235352
-77.0000228881836
-39.1666831970215
4.16666650772095
42.1666488647461
370.166656494141
533.666687011719
39.6666641235352
112.833335876465
212.666656494141
296.0
352.0
-305.5
-166.66667175293
-156.166656494141
-117.666641235352
-81.0000228881836
-43.1666831970215
0.16666650772095
38.1666488647461
366.166656494141
529.666687011719
35.6666641235352
108.833335876465
208.666656494141
292.0
352.666656494141
-309.333343505859
-170.5
-159.999984741211
-121.499977111816
-84.8333587646484
-47.0000152587891
-3.66666674613953
34.3333168029785
362.333312988281
525.833374023438
31.8333301544189
105.0
204.83332824707
288.166656494141
353.5
-313.0
-174.16667175293
-163.666656494141
-125.166641235352
-88.5000228881836
-50.6666831970215
-7.33333349227905
30.6666507720947
358.666656494141
522.166687011719
28.1666641235352
101.333335876465
201.166656494141
284.5
354.5
-316.5
-177.66667175293
-167.166656494141
-128.666641235352
-92.0000228881836
-54.1666831970215
-10.8333330154419
27.1666507720947
355.166656494141
518.666687011719
24.6666641235352
97.8333358764648
197.666656494141
281.0
355.666656494141
-322.5
-183.66667175293
-173.166656494141
-134.666641235352
-98.0000228881836
-60.1666831970215
-16.8333320617676
21.1666507720947
349.166656494141
512.666687011719
18.6666641235352
91.8333358764648
191.666656494141
275.0
349.666656494141
-328.333343505859
-189.5
-178.999984741211
-140.499969482422
-103.833358764648
-66.0000152587891
-22.6666660308838
15.3333177566528
343.333312988281
506.833343505859
12.8333311080933
86.0
185.83332824707
269.166656494141
343.833312988281
-334.0
-195.16667175293
-184.666656494141
-146.166641235352
-109.500022888184
-71.6666793823242
-28.3333320617676
9.66665077209473
337.666656494141
501.166687011719
7.16666460037231
80.3333358764648
180.166656494141
263.5
338.166656494141
-339.5
-200.66667175293
-190.166656494141
-151.666641235352
-115.000022888184
-77.1666793823242
-33.8333320617676
4.16665077209473
332.166656494141
495.666687011719
1.66666460037231
74.8333358764648
174.666656494141
258.0
332.666656494141
-344.833343505859
-206.0
-195.499984741211
-156.999969482422
-120.333358764648
-82.5000152587891
-39.1666641235352
-1.16668260097504
326.833312988281
490.333343505859
-3.66666865348816
69.5
169.33332824707
252.66667175293
327.333312988281
-350.0
-211.16667175293
-200.666656494141
-162.166641235352
-125.500022888184
-87.6666793823242
-44.3333320617676
-6.33334922790527
321.666656494141
485.166687011719
-8.83333492279053
64.3333358764648
164.166656494141
247.5
322.166656494141
-355.0
-216.16667175293
-205.666656494141
-167.166641235352
-130.500030517578
-92.6666793823242
-49.3333320617676
-11.3333492279053
316.666656494141
480.166687011719
-13.8333349227905
59.3333358764648
159.166656494141
242.5
317.166656494141
-359.833343505859
-221.0
-210.499984741211
-171.999969482422
-135.333358764648
-97.5000152587891
-54.1666641235352
-16.1666831970215
311.833312988281
475.333343505859
-18.6666679382324
54.5000038146973
154.33332824707
237.66667175293
312.333312988281
-364.5
-225.66667175293
-215.166656494141
-176.666641235352
-140.000030517578
-102.166679382324
-58.8333320617676
-20.8333492279053
307.166656494141
470.666687011719
-23.3333339691162
49.8333358764648
149.666656494141
233.0
307.666656494141
-369.0
-230.16667175293
-219.666656494141
-181.166641235352
-144.500030517578
-106.666679382324
-63.3333320617676
-25.3333492279053
302.666656494141
466.166687011719
-27.8333339691162
45.3333358764648
145.166656494141
228.5
303.166656494141
351.0
-373.333343505859
-234.5
-223.999984741211
-185.499969482422
-148.833358764648
-111.000015258789
-67.6666641235352
-29.6666831970215
298.333312988281
461.833343505859
-32.1666679382324
41.0000038146973
140.83332824707
224.16667175293
298.833312988281
351.166656494141
-377.5
-238.66667175293
-228.166656494141
-189.666641235352
-153.000030517578
-115.166679382324
-71.8333282470703
-33.8333511352539
294.166656494141
457.666687011719
-36.3333358764648
36.8333358764648
136.666656494141
220.0
294.666656494141
351.5
-381.5
-242.66667175293
-232.166656494141
-193.666641235352
-157.000030517578
-119.166679382324
-75.8333282470703
-37.8333511352539
290.166656494141
453.666687011719
-40.3333358764648
32.8333358764648
132.666656494141
216.0
290.666656494141
352.0
-385.333343505859
-246.5
-235.999984741211
-197.499969482422
-160.833358764648
-123.000015258789
-79.6666641235352
-41.6666831970215
286.333312988281
449.833343505859
-44.1666679382324
29.0000019073486
128.83332824707
212.16667175293
286.833312988281
352.666656494141
-389.0
-250.16667175293
-239.666656494141
-201.166641235352
-164.500030517578
-126.666679382324
-83.3333282470703
-45.3333511352539
282.666656494141
446.166687011719
-47.8333358764648
25.3333358764648
125.166664123535
208.5
283.166656494141
353.5
-392.5
-253.66667175293
-243.166656494141
-204.666641235352
-168.000030517578
-130.166687011719
-86.8333282470703
-48.8333511352539
279.166656494141
442.666687011719
-51.3333358764648
21.8333358764648
121.666664123535
205.0
279.666656494141
354.5
-395.833343505859
-257.0
-246.499984741211
-207.999969482422
-171.333358764648
-133.500015258789
-90.1666641235352
-52.1666831970215
275.833312988281
439.333343505859
-54.6666679382324
18.5000019073486
118.33332824707
201.66667175293
276.333312988281
355.666656494141
-399.0
-260.166656494141
-249.666656494141
-211.166641235352
-174.500030517578
-136.666687011719
-93.3333282470703
-55.3333511352539
272.666656494141
436.166687011719
-57.8333358764648
15.3333349227905
115.166664123535
198.5
273.166656494141
357.0
-402.0
-263.166656494141
-252.666656494141
-214.166641235352
-177.500030517578
-139.666687011719
-96.3333282470703
-58.3333511352539
269.666656494141
433.166687011719
-60.8333358764648
12.3333349227905
112.166664123535
195.5
270.166656494141
358.5
-408.0
-269.166656494141
-258.666656494141
-220.166641235352
-183.500030517578
-145.666687011719
-102.33332824707
-64.3333511352539
263.666656494141
427.166687011719
-66.8333358764648
6.33333492279053
106.166664123535
189.5
264.166656494141
352.5
-413.833343505859
-275.0
-264.5
-225.999969482422
-189.333358764648
-151.500015258789
-108.166664123535
-70.1666870117188
257.833312988281
421.333343505859
-72.6666717529297
0.50000160932541
100.33332824707
183.66667175293
258.333312988281
346.666656494141
-419.5
-280.666656494141
-270.166656494141
-231.666641235352
-195.000030517578
-157.166687011719
-113.83332824707
-75.8333511352539
252.166641235352
415.666687011719
-78.3333358764648
-5.16666507720947
94.6666641235352
178.0
252.666641235352
341.0
-425.0
-286.166656494141
-275.666656494141
-237.166641235352
-200.500030517578
-162.666687011719
-119.33332824707
-81.3333511352539
246.666641235352
410.166687011719
-83.8333358764648
-10.6666650772095
89.1666641235352
172.5
247.166641235352
335.5
-430.333343505859
-291.5
-281.0
-242.499969482422
-205.833358764648
-168.000015258789
-124.666664123535
-86.6666870117188
241.333312988281
404.833343505859
-89.1666717529297
-15.9999980926514
83.8333282470703
167.16667175293
241.833312988281
330.166656494141
-435.5
-296.666656494141
-286.166656494141
-247.666641235352
-211.000030517578
-173.166687011719
-129.83332824707
-91.8333511352539
236.166641235352
399.666687011719
-94.3333358764648
-21.1666641235352
78.6666641235352
162.0
236.666641235352
325.0
-440.5
-301.666656494141
-291.166656494141
-252.666641235352
-216.000030517578
-178.166687011719
-134.83332824707
-96.8333511352539
231.166641235352
394.666687011719
-99.3333358764648
-26.1666641235352
73.6666641235352
157.0
231.666641235352
320.0
-445.333343505859
-306.5
-296.0
-257.499969482422
-220.833358764648
-183.000015258789
-139.666656494141
-101.666687011719
226.333312988281
389.833343505859
-104.16667175293
-30.9999980926514
68.8333282470703
152.16667175293
226.833312988281
315.166656494141
-450.0
-311.166656494141
-300.666656494141
-262.166625976563
-225.500030517578
-187.666687011719
-144.33332824707
-106.333351135254
221.666641235352
385.166687011719
-108.833335876465
-35.6666641235352
64.1666641235352
147.5
222.166641235352
310.5
-454.5
-315.666656494141
-305.166656494141
-266.666625976563
-230.000030517578
-192.166687011719
-148.83332824707
-110.833351135254
217.166641235352
380.666687011719
-113.333335876465
-40.1666641235352
59.6666641235352
143.0
217.666641235352
306.0
351.0
-458.833343505859
-320.0
-309.5
-270.999969482422
-234.333358764648
-196.500015258789
-153.166656494141
-115.166687011719
212.833312988281
376.333343505859
-117.66667175293
-44.4999961853027
55.3333320617676
138.66667175293
213.333312988281
301.666656494141
351.166656494141
Player
Player
-463.0
-324.166656494141
-313.666656494141
-275.166625976563
-238.500030517578
-200.666687011719
-157.33332824707
-119.333351135254
208.666641235352
372.166687011719
-121.833335876465
-48.6666641235352
51.1666641235352
134.5
209.166641235352
297.5
351.5
-467.0
-328.166656494141
-317.666656494141
-279.166625976563
-242.500030517578
-204.666687011719
-161.33332824707
-123.333351135254
204.666641235352
368.166687011719
-125.833335876465
-52.6666641235352
47.1666641235352
130.5
205.166641235352
293.5
352.0
-470.833343505859
-332.0
-321.5
-282.999969482422
-246.333358764648
-208.500015258789
-165.166656494141
-127.166687011719
200.833312988281
364.333343505859
-129.66667175293
-56.4999961853027
43.3333320617676
126.666664123535
201.333312988281
289.666656494141
352.666656494141
-474.5
-335.666656494141
-325.166656494141
-286.666625976563
-250.000030517578
-212.166687011719
-168.83332824707
-130.833358764648
197.166641235352
360.666687011719
-133.333343505859
-60.1666641235352
39.6666641235352
123.0
197.666641235352
286.0
353.5
-478.0
-339.166656494141
-328.666656494141
-290.166625976563
-253.500030517578
-215.666687011719
-172.33332824707
-134.333358764648
193.666641235352
357.166687011719
-136.833343505859
-63.6666641235352
36.1666641235352
119.5
194.166641235352
282.5
354.5
-481.333343505859
-342.5
-332.0
-293.499969482422
-256.833374023438
-219.000015258789
-175.666656494141
-137.666687011719
190.333312988281
353.833343505859
-140.16667175293
-67.0
32.8333320617676
116.166664123535
190.833312988281
279.166656494141
355.666656494141
-484.5
-345.666656494141
-335.166656494141
-296.666625976563
-260.000030517578
-222.166687011719
-178.83332824707
-140.833358764648
187.166641235352
350.666687011719
-143.333343505859
-70.1666641235352
29.6666660308838
113.0
187.666641235352
276.0
357.0
-487.5
-348.666656494141
-338.166656494141
-299.666625976563
-263.000030517578
-225.166687011719
-181.83332824707
-143.833358764648
184.166641235352
347.666687011719
-146.333343505859
-73.1666641235352
26.6666660308838
110.0
184.666641235352
273.0
358.5
-490.333343505859
-351.5
-341.0
-302.499969482422
-265.833374023438
-228.000015258789
-184.666656494141
-146.666687011719
181.333312988281
344.833343505859
-149.16667175293
-76.0
23.8333320617676
107.166664123535
181.833312988281
270.166656494141
360.166656494141
-493.0
-354.166656494141
-343.666656494141
-305.166625976563
-268.500030517578
-230.666687011719
-187.33332824707
-149.333358764648
178.666641235352
342.166687011719
-151.833343505859
-78.6666641235352
21.1666660308838
104.5
179.166641235352
267.5
362.0
-495.5
-356.666656494141
-346.166656494141
-307.666625976563
-271.000030517578
-233.166687011719
-189.83332824707
-151.833358764648
176.166641235352
339.666687011719
-154.333343505859
-81.1666641235352
18.6666660308838
102.0
176.666641235352
265.0
364.0
-497.833343505859
-359.0
-348.5
-309.999969482422
-273.333374023438
-235.500015258789
-192.166656494141
-154.166687011719
173.833312988281
337.333343505859
-156.66667175293
-83.5
16.3333320617676
99.6666641235352
174.333312988281
262.666656494141
366.166656494141
-500.0
-361.166656494141
-350.666656494141
-312.166625976563
-275.500030517578
-237.666687011719
-194.33332824707
-156.333358764648
171.666641235352
335.166687011719
-158.833343505859
-85.6666641235352
14.1666650772095
97.5
172.166641235352
260.5
368.5
-502.0
-363.166656494141
-352.666656494141
-314.166625976563
-277.500030517578
-239.666687011719
-196.33332824707
-158.333358764648
169.666641235352
333.166687011719
-160.833343505859
-87.6666641235352
12.1666650772095
95.5
170.166641235352
258.5
371.0
-503.833343505859
-365.0
-354.5
-315.999969482422
-279.333374023438
-241.500015258789
-198.166656494141
-160.166687011719
167.833312988281
331.333343505859
-162.66667175293
-89.5
10.3333320617676
93.6666641235352
168.333312988281
256.666656494141
373.666656494141
-505.5
-366.666656494141
-356.166656494141
-317.666625976563
-281.000030517578
-243.166687011719
-199.83332824707
-161.833358764648
166.166641235352
329.666687011719
-164.333343505859
-91.1666641235352
8.66666507720947
92.0
166.666641235352
254.999984741211
376.5
-507.0
-368.166656494141
-357.666656494141
-319.166625976563
-282.500030517578
-244.666687011719
-201.33332824707
-163.333358764648
164.666641235352
328.166687011719
-165.833343505859
-92.6666641235352
7.16666507720947
90.5
165.166641235352
253.499984741211
379.5
-508.333343505859
-369.5
-359.0
-320.499969482422
-283.833374023438
-246.000015258789
-202.666656494141
-164.666687011719
163.333312988281
326.833343505859
-167.16667175293
-94.0
5.83333158493042
89.1666641235352
163.833312988281
252.166656494141
382.666656494141
-509.5
-370.666656494141
-360.166656494141
-321.666625976563
-285.000030517578
-247.166687011719
-203.83332824707
-165.833358764648
162.166641235352
325.666687011719
-168.333343505859
-95.1666641235352
4.66666507720947
88.0
162.666641235352
250.999984741211
386.0
-510.5
-371.666656494141
-361.166656494141
-322.666625976563
-286.000030517578
-248.166687011719
-204.83332824707
-166.833358764648
161.166641235352
324.666687011719
-169.333343505859
-96.1666641235352
3.66666507720947
87.0
161.666641235352
249.999984741211
389.5
-511.333343505859
-372.5
-362.0
-323.499969482422
-286.833374023438
-249.000015258789
-205.666656494141
-167.666687011719
160.333312988281
323.833343505859
-170.16667175293
-97.0
2.833331823349
86.1666641235352
160.833312988281
249.166656494141
393.166656494141
-512.0
-373.166656494141
-362.666656494141
-324.166625976563
-287.500030517578
-249.666687011719
-206.33332824707
-168.333358764648
159.666641235352
323.166687011719
-170.833343505859
-97.6666641235352
2.16666507720947
85.5
160.166641235352
248.499984741211
397.0
-512.5
-373.666656494141
-363.166656494141
-324.666625976563
-288.000030517578
-250.166687011719
-206.83332824707
-168.833358764648
159.166641235352
322.666687011719
-171.333343505859
-98.1666641235352
1.66666507720947
85.0
159.666641235352
247.999984741211
401.0
-512.833312988281
-374.0
-363.5
-324.999969482422
-288.333374023438
-250.500015258789
-207.166656494141
-169.166687011719
158.833312988281
322.333343505859
-171.66667175293
-98.5
1.33333170413971
84.6666641235352
159.333312988281
247.666656494141
405.166656494141
-513.0
-374.166656494141
-363.666656494141
-325.166625976563
-288.500030517578
-250.666687011719
-207.33332824707
-169.333358764648
158.666641235352
322.166687011719
-171.833343505859
-98.6666641235352
1.16666507720947
84.5
159.166641235352
247.499984741211
409.5
-513.0
-374.166656494141
-363.666656494141
-325.166625976563
-288.500030517578
-250.666687011719
-207.33332824707
-169.333358764648
158.666641235352
322.166687011719
-171.833343505859
-98.6666641235352
1.16666507720947
84.5
159.166641235352
247.499984741211
414.0
-512.833312988281
-374.0
-363.5
-324.999969482422
-288.333374023438
-250.500015258789
-207.166656494141
-169.166687011719
158.833312988281
322.333343505859
-171.66667175293
-98.5
1.33333170413971
84.6666641235352
159.333312988281
247.666656494141
418.666656494141
-512.5
-373.666656494141
-363.166656494141
-324.666625976563
-288.000030517578
-250.166687011719
-206.83332824707
-168.833358764648
159.166641235352
322.666687011719
-171.333343505859
-98.1666641235352
1.66666507720947
85.0
159.666641235352
247.999984741211
423.5
-512.0
-373.166656494141
-362.666656494141
-324.166625976563
-287.500030517578
-249.666687011719
-206.33332824707
-168.333358764648
159.666641235352
323.166687011719
-170.833343505859
-97.6666641235352
2.16666507720947
85.5
160.166641235352
248.499984741211
428.5
-511.333343505859
-372.5
-362.0
-323.499969482422
-286.833374023438
-249.000015258789
-205.666656494141
-167.666687011719
160.333312988281
323.833343505859
-170.16667175293
-97.0
2.833331823349
86.1666641235352
160.833312988281
249.166656494141
433.666656494141
-510.5
-371.666656494141
-361.166656494141
-322.666625976563
-286.000030517578
-248.166687011719
-204.83332824707
-166.833358764648
161.166641235352
324.666687011719
-169.333343505859
-96.1666641235352
3.66666507720947
87.0
161.666641235352
249.999984741211
439.0
-509.5
-370.666656494141
-360.166656494141
-321.666625976563
-285.000030517578
-247.166687011719
-203.83332824707
-165.833358764648
162.166641235352
325.666687011719
-168.333343505859
-95.1666641235352
4.66666507720947
88.0
162.666641235352
250.999984741211
444.5
-508.333343505859
-369.5
-359.0
-320.499969482422
-283.833374023438
-246.000015258789
-202.666656494141
-164.666687011719
163.333312988281
326.833343505859
-167.16667175293
-94.0
5.83333158493042
89.1666641235352
163.833312988281
252.166656494141
450.166656494141
-507.0
-368.166656494141
-357.666656494141
-319.166625976563
-282.500030517578
-244.666687011719
-201.33332824707
-163.333358764648
164.666641235352
328.166687011719
-165.833343505859
-92.6666641235352
7.16666507720947
90.5
165.166641235352
253.499984741211
456.0
-505.5
-366.666656494141
-356.166656494141
-317.666625976563
-281.000030517578
-243.166687011719
-199.83332824707
-161.833358764648
166.166641235352
329.666687011719
-164.333343505859
-91.1666641235352
8.66666507720947
92.0
166.666641235352
254.999984741211
462.0
-503.833343505859
-365.0
-354.5
-315.999969482422
-279.333374023438
-241.500015258789
-198.166656494141
-160.166687011719
167.833312988281
331.333343505859
-162.66667175293
-89.5
10.3333320617676
93.6666641235352
168.333312988281
256.666656494141
468.166656494141
-502.0
-363.166656494141
-352.666656494141
-314.166625976563
-277.500030517578
-239.666687011719
-196.33332824707
-158.333358764648
169.666641235352
333.166687011719
-160.833343505859
-87.6666641235352
12.1666650772095
95.5
170.166641235352
258.5
474.5
-500.0
-361.166656494141
-350.666656494141
-312.166625976563
-275.500030517578
-237.666687011719
-194.33332824707
-156.333358764648
171.666641235352
335.166687011719
-158.833343505859
-85.6666641235352
14.1666650772095
97.5
172.166641235352
260.5
481.0
-497.833343505859
-359.0
-348.5
-309.999969482422
-273.333374023438
-235.500015258789
-192.166656494141
-154.166687011719
173.833312988281
337.333343505859
-156.66667175293
-83.5
16.3333320617676
99.6666641235352
174.333312988281
262.666656494141
487.666656494141
-495.5
-356.666656494141
-346.166656494141
-307.666625976563
-271.000030517578
-233.166687011719
-189.83332824707
-151.833358764648
176.166641235352
339.666687011719
-154.333343505859
-81.1666641235352
18.6666660308838
102.0
176.666641235352
265.0
494.5
-493.0
-354.166656494141
-343.666656494141
-305.166625976563
-268.500030517578
-230.666687011719
-187.33332824707
-149.333358764648
178.666641235352
342.166687011719
-151.833343505859
-78.6666641235352
21.1666660308838
104.5
179.166641235352
267.5
501.5
-490.333343505859
-351.5
-341.0
-302.499969482422
-265.833374023438
-228.000015258789
-184.666656494141
-146.666687011719
181.333312988281
344.833343505859
-149.16667175293
-76.0
23.8333320617676
107.166664123535
181.833312988281
270.166656494141
508.666656494141
-487.5
-348.666656494141
-338.166656494141
-299.666625976563
-263.000030517578
-225.166687011719
-181.83332824707
-143.833358764648
184.166641235352
347.666687011719
-146.333343505859
-73.1666641235352
26.6666660308838
110.0
184.666641235352
273.0
516.0
-484.5
-345.666656494141
-335.166656494141
-296.666625976563
-260.000030517578
-222.166687011719
-178.83332824707
-140.833358764648
187.166641235352
350.666687011719
-143.333343505859
-70.1666641235352
29.6666660308838
113.0
187.666641235352
276.0
523.5
-481.333343505859
-342.5
-332.0
-293.499969482422
-256.833374023438
-219.000015258789
-175.666656494141
-137.666687011719
190.333312988281
353.833343505859
-140.16667175293
-67.0
32.8333320617676
116.166664123535
190.833312988281
279.166656494141
531.166687011719
-478.0
-339.166656494141
-328.666656494141
-290.166625976563
-253.500045776367
-215.666687011719
-172.33332824707
-134.333358764648
193.666641235352
357.166687011719
-136.833343505859
-63.6666679382324
36.1666641235352
119.5
194.166641235352
282.5
539.0
-474.5
-335.666656494141
-325.166656494141
-286.666625976563
-250.000045776367
-212.166687011719
-168.83332824707
-130.833358764648
197.166641235352
360.666687011719
-133.333343505859
-60.1666679382324
39.6666641235352
123.0
197.666641235352
286.0
547.0
-470.833343505859
-332.0
-321.5
-282.999969482422
-246.333374023438
-208.500015258789
-165.166656494141
-127.166694641113
200.833312988281
364.333343505859
-129.66667175293
-56.5
43.3333320617676
126.666664123535
201.333312988281
289.666656494141
555.166687011719
-467.0
-328.166656494141
-317.666656494141
-279.166625976563
-242.500045776367
-204.666687011719
-161.33332824707
-123.333358764648
204.666641235352
368.166687011719
-125.833335876465
-52.6666679382324
47.1666641235352
130.5
205.166641235352
293.5
563.5
-463.0
-324.166656494141
-313.666656494141
-275.166625976563
-238.500045776367
-200.666687011719
-157.33332824707
-119.333358764648
208.666641235352
372.166687011719
-121.833335876465
-48.6666679382324
51.1666641235352
134.5
209.166641235352
297.5
572.0
-458.833343505859
-320.0
-309.5
-270.999969482422
-234.333374023438
-196.500015258789
-153.166656494141
-115.166694641113
212.833312988281
376.333343505859
-117.66667175293
-44.5
55.3333320617676
138.66667175293
213.333312988281
301.666656494141
580.666687011719
-454.5
-315.666656494141
-305.166656494141
-266.666625976563
-230.000045776367
-192.166687011719
-148.83332824707
-110.833358764648
217.166641235352
380.666687011719
-113.333335876465
-40.1666679382324
59.6666641235352
143.0
217.666641235352
306.0
589.5
-450.0
-311.166656494141
-300.666656494141
-262.166625976563
-225.500045776367
-187.666687011719
-144.33332824707
-106.333358764648
221.666641235352
385.166687011719
-108.833335876465
-35.6666679382324
64.1666641235352
147.5
222.166641235352
310.5
598.5
-445.333343505859
-306.5
-296.0
-257.499969482422
-220.833374023438
-183.000015258789
-139.666656494141
-101.666694641113
226.333312988281
389.833343505859
-104.16667175293
-31.0000019073486
68.8333282470703
152.16667175293
226.833312988281
315.166656494141
607.666687011719
-440.5
-301.666656494141
-291.166656494141
-252.666641235352
-216.000045776367
-178.166687011719
-134.83332824707
-96.8333587646484
231.166641235352
394.666687011719
-99.3333358764648
-26.1666679382324
73.6666641235352
157.0
231.666641235352
320.0
617.0
-435.5
-296.666656494141
-286.166656494141
-247.666641235352
-211.000045776367
-173.166687011719
-129.83332824707
-91.8333587646484
236.166641235352
399.666687011719
-94.3333358764648
-21.1666679382324
78.6666641235352
162.0
236.666641235352
325.0
626.5
