Godot Engine v4.6.1.stable.official.14d19694e - https://godotengine.org
D3D12 12_0 - Forward Mobile - Using Device #0: Intel - Intel(R) Iris(R) Xe Graphics

351.0
351.174835205078
351.516326904297
352.024505615234
352.699340820313
353.540832519531
354.549011230469
355.723846435547
357.065338134766
358.573516845703
360.248352050781
362.08984375
364.098022460938
366.272857666016
368.614349365234
371.122528076172
373.79736328125
376.638854980469
379.647033691406
373.647033691406
367.813690185547
362.147033691406
356.647033691406
351.313690185547
346.147033691406
341.147033691406
336.313690185547
331.647033691406
327.147033691406
322.813690185547
318.647033691406
314.647033691406
310.813690185547
307.147033691406
303.647033691406
300.313690185547
297.147033691406
294.147033691406
291.313690185547
288.647033691406
286.147033691406
283.813690185547
281.647033691406
279.647033691406
277.813690185547
276.147033691406
274.647033691406
273.313690185547
272.147033691406
271.147033691406
270.313690185547
269.647033691406
269.147033691406
268.813690185547
268.647033691406
268.647033691406
268.813690185547
269.147033691406
269.647033691406
270.313690185547
271.147033691406
272.147033691406
273.313690185547
274.647033691406
276.147033691406
277.813690185547
279.647033691406
281.647033691406
283.813690185547
286.147033691406
288.647033691406
291.313690185547
294.147033691406
297.147033691406
300.313690185547
303.647033691406
307.147033691406
310.813690185547
304.813690185547
298.980346679688
293.313690185547
287.813690185547
282.480346679688
277.313690185547
272.313690185547
267.480346679688
262.813690185547
258.313690185547
253.980361938477
249.813690185547
245.813690185547
241.980361938477
238.313690185547
234.813690185547
231.480361938477
228.313690185547
225.313690185547
222.480361938477
219.813690185547
217.313690185547
214.980361938477
212.813690185547
210.813690185547
208.980361938477
207.313690185547
205.813690185547
204.480361938477
203.313690185547
202.313690185547
201.480361938477
200.813690185547
200.313690185547
199.980361938477
199.813690185547
199.813690185547
199.980361938477
200.313690185547
200.813690185547
201.480361938477
202.313690185547
203.313690185547
204.480361938477
205.813690185547
207.313690185547
208.980361938477
210.813690185547
212.813690185547
214.980361938477
217.313690185547
219.813690185547
222.480361938477
225.313690185547
228.313690185547
231.480361938477
234.813690185547
238.313690185547
241.980361938477
245.813690185547
249.813690185547
253.980361938477
258.313690185547
262.813690185547
267.480346679688
272.313690185547
277.313690185547
282.480346679688
287.813690185547
293.313690185547
298.980346679688
304.813690185547
310.813690185547
316.980346679688
323.313690185547
329.813690185547
336.480346679688
343.313690185547
350.313690185547
357.480346679688
364.813690185547
372.313690185547
366.313690185547
360.480346679688
354.813690185547
349.313690185547
343.980346679688
338.813690185547
333.813690185547
328.980346679688
324.313690185547
319.813690185547
315.480346679688
311.313690185547
307.313690185547
303.480346679688
299.813690185547
296.313690185547
292.980346679688
289.813690185547
286.813690185547
283.980346679688
281.313690185547
278.813690185547
276.480346679688
274.313690185547
272.313690185547
270.480346679688
268.813690185547
267.313690185547
265.980346679688
264.813690185547
263.813690185547
262.980346679688
262.313690185547
261.813690185547
261.480346679688
261.313690185547
261.313690185547
261.480346679688
261.813690185547
262.313690185547
262.980346679688
263.813690185547
264.813690185547
265.980346679688
267.313690185547
268.813690185547
270.480346679688
272.313690185547
274.313690185547
276.480346679688
278.813690185547
281.313690185547
283.980346679688
286.813690185547
289.813690185547
292.980346679688
296.313690185547
299.813690185547
303.480346679688
307.313690185547
311.313690185547
315.480346679688
319.813690185547
324.313690185547
328.980346679688
333.813690185547
338.813690185547
343.980346679688
349.313690185547
354.813690185547
360.480346679688
366.313690185547
372.313690185547
378.480346679688
384.813690185547
391.313690185547
397.980346679688
404.813690185547
411.813690185547
418.980346679688
426.313690185547
420.313690185547
414.480346679688
408.813690185547
403.313690185547
397.980346679688
392.813690185547
387.813690185547
382.980346679688
378.313690185547
373.813690185547
369.480346679688
365.313690185547
361.313690185547
357.480346679688
353.813690185547
350.313690185547
346.980346679688
343.813690185547
340.813690185547
337.980346679688
335.313690185547
332.813690185547
330.480346679688
328.313690185547
326.313690185547
324.480346679688
322.813690185547
321.313690185547
319.980346679688
318.813690185547
317.813690185547
316.980346679688
316.313690185547
315.813690185547
315.480346679688
315.313690185547
315.313690185547
315.480346679688
315.813690185547
316.313690185547
316.980346679688
317.813690185547
318.813690185547
319.980346679688
321.313690185547
322.813690185547
324.480346679688
326.313690185547
328.313690185547
330.480346679688
332.813690185547
335.313690185547
337.980346679688
340.813690185547
343.813690185547
346.980346679688
350.313690185547
353.813690185547
357.480346679688
361.313690185547
365.313690185547
369.480346679688
373.813690185547
378.313690185547
382.980346679688
387.813690185547
392.813690185547
397.980346679688
403.313690185547
408.813690185547
414.480346679688
420.313690185547
426.313690185547
432.480346679688
438.813690185547
445.313690185547
439.313690185547
433.480346679688
427.813690185547
422.313690185547
416.980346679688
411.813690185547
406.813690185547
401.980346679688
397.313690185547
392.813690185547
388.480346679688
384.313690185547
380.313690185547
376.480346679688
372.813690185547
369.313690185547
365.980346679688
362.813690185547
359.813690185547
356.980346679688
354.313690185547
351.813690185547
349.480346679688
347.313690185547
345.313690185547
343.480346679688
341.813690185547
340.313690185547
338.980346679688
337.813690185547
336.813690185547
335.980346679688
335.313690185547
334.813690185547
334.480346679688
334.313690185547
334.313690185547
334.480346679688
334.813690185547
335.313690185547
335.980346679688
336.813690185547
337.813690185547
338.980346679688
340.313690185547
341.813690185547
343.480346679688
345.313690185547
347.313690185547
349.480346679688
351.813690185547
354.313690185547
356.980346679688
359.813690185547
362.813690185547
365.980346679688
369.313690185547
372.813690185547
376.480346679688
380.313690185547
384.313690185547
388.480346679688
392.813690185547
397.313690185547
401.980346679688
406.813690185547
411.813690185547
416.980346679688
422.313690185547
427.813690185547
433.480346679688
427.480346679688
421.647003173828
415.980346679688
410.480346679688
405.147003173828
399.980346679688
394.980346679688
390.147003173828
385.480346679688
380.980346679688
376.647003173828
372.480346679688
368.480346679688
364.647003173828
360.980346679688
357.480346679688
354.147003173828
350.980346679688
347.980346679688
345.147003173828
342.480346679688
339.980346679688
337.647003173828
335.480346679688
333.480346679688
331.647003173828
329.980346679688
328.480346679688
327.147003173828
325.980346679688
324.980346679688
324.147003173828
323.480346679688
322.980346679688
322.647003173828
322.480346679688
322.480346679688
322.647003173828
322.980346679688
323.480346679688
324.147003173828
324.980346679688
325.980346679688
327.147003173828
328.480346679688
329.980346679688
331.647003173828
333.480346679688
335.480346679688
337.647003173828
339.980346679688
342.480346679688
345.147003173828
347.980346679688
350.980346679688
354.147003173828
357.480346679688
360.980346679688
364.647003173828
368.480346679688
372.480346679688
376.647003173828
380.980346679688
385.480346679688
390.147003173828
394.980346679688
399.980346679688
405.147003173828
410.480346679688
415.980346679688
421.647003173828
427.480346679688
433.480346679688
427.480346679688
421.647003173828
415.980346679688
410.480346679688
405.147003173828
399.980346679688
394.980346679688
390.147003173828
385.480346679688
380.980346679688
376.647003173828
372.480346679688
368.480346679688
364.647003173828
360.980346679688
357.480346679688
354.147003173828
350.980346679688
347.980346679688
345.147003173828
342.480346679688
339.980346679688
337.647003173828
335.480346679688
333.480346679688
331.647003173828
329.980346679688
328.480346679688
327.147003173828
325.980346679688
324.980346679688
324.147003173828
323.480346679688
322.980346679688
322.647003173828
322.480346679688
322.480346679688
322.647003173828
322.980346679688
323.480346679688
324.147003173828
324.980346679688
325.980346679688
327.147003173828
328.480346679688
329.980346679688
331.647003173828
333.480346679688
335.480346679688
337.647003173828
339.980346679688
342.480346679688
345.147003173828
347.980346679688
350.980346679688
354.147003173828
357.480346679688
360.980346679688
364.647003173828
368.480346679688
372.480346679688
376.647003173828
380.980346679688
385.480346679688
390.147003173828
394.980346679688
399.980346679688
405.147003173828
410.480346679688
415.980346679688
My score is1
409.980346679688
404.147003173828
398.480346679688
392.980346679688
387.647003173828
382.480346679688
377.480346679688
372.647003173828
367.980346679688
363.480346679688
359.147003173828
354.980346679688
350.980346679688
347.147003173828
343.480346679688
339.980346679688
336.647003173828
330.647003173828
324.813659667969
319.147003173828
313.647003173828
308.313659667969
303.147003173828
298.147003173828
293.313659667969
288.647003173828
284.147003173828
279.813659667969
275.647003173828
271.647003173828
267.813659667969
264.147003173828
260.647003173828
257.313659667969
254.146987915039
251.146987915039
248.313659667969
245.646987915039
243.146987915039
240.813659667969
234.813659667969
228.980331420898
223.313659667969
217.813659667969
212.480331420898
207.313659667969
202.313659667969
197.480331420898
192.813659667969
188.313659667969
183.980331420898
179.813659667969
175.813659667969
171.980331420898
168.313659667969
164.813659667969
161.480331420898
158.313659667969
155.313659667969
152.480331420898
149.813659667969
147.313659667969
144.980331420898
142.813659667969
140.813659667969
138.980331420898
137.313659667969
135.813659667969
134.480331420898
133.313659667969
132.313659667969
131.480331420898
130.813659667969
130.313659667969
129.980331420898
129.813659667969
129.813659667969
129.980331420898
130.313659667969
130.813659667969
131.480331420898
132.313659667969
133.313659667969
134.480331420898
135.813659667969
137.313659667969
138.980331420898
140.813659667969
142.813659667969
144.980331420898
147.313659667969
149.813659667969
152.480331420898
155.313659667969
158.313659667969
161.480331420898
164.813659667969
168.313659667969
171.980331420898
175.813659667969
179.813659667969
183.980331420898
188.313659667969
192.813659667969
197.480331420898
202.313659667969
207.313659667969
212.480331420898
217.813659667969
223.313659667969
228.980331420898
234.813659667969
240.813659667969
246.980331420898
253.313659667969
259.813659667969
266.480316162109
273.313659667969
280.313659667969
287.480316162109
294.813659667969
302.313659667969
309.980316162109
317.813659667969
325.813659667969
333.980316162109
342.313659667969
350.813659667969
359.480316162109
368.313659667969
377.313659667969
386.480316162109
395.813659667969
405.313659667969
414.980316162109
424.813659667969
434.813659667969
444.980316162109
455.313659667969
465.813659667969
476.480316162109
470.480316162109
464.64697265625
458.980316162109
453.480316162109
448.14697265625
442.980316162109
437.980316162109
433.14697265625
428.480316162109
423.980316162109
419.64697265625
415.480316162109
411.480316162109
407.64697265625
403.980316162109
400.480316162109
397.14697265625
393.980316162109
390.980316162109
388.14697265625
385.480316162109
382.980316162109
380.64697265625
378.480316162109
376.480316162109
374.64697265625
372.980316162109
371.480316162109
370.14697265625
368.980316162109
367.980316162109
367.14697265625
366.480316162109
365.980316162109
365.64697265625
365.480316162109
365.480316162109
365.64697265625
365.980316162109
366.480316162109
My score is2
367.14697265625
367.980316162109
368.980316162109
370.14697265625
371.480316162109
372.980316162109
374.64697265625
376.480316162109
378.480316162109
380.64697265625
382.980316162109
385.480316162109
388.14697265625
390.980316162109
393.980316162109
397.14697265625
400.480316162109
403.980316162109
407.64697265625
411.480316162109
415.480316162109
419.64697265625
423.980316162109
428.480316162109
433.14697265625
427.14697265625
421.313629150391
415.64697265625
410.14697265625
404.813629150391
399.64697265625
394.64697265625
389.813629150391
385.14697265625
380.64697265625
376.313629150391
372.14697265625
368.14697265625
364.313629150391
360.64697265625
357.14697265625
353.813629150391
350.64697265625
347.64697265625
344.813629150391
342.14697265625
339.64697265625
337.313629150391
335.14697265625
333.14697265625
331.313629150391
329.64697265625
328.14697265625
326.813629150391
325.64697265625
324.64697265625
323.813629150391
323.14697265625
322.64697265625
322.313629150391
322.14697265625
322.14697265625
322.313629150391
322.64697265625
323.14697265625
323.813629150391
324.64697265625
325.64697265625
326.813629150391
328.14697265625
329.64697265625
331.313629150391
333.14697265625
335.14697265625
337.313629150391
339.64697265625
342.14697265625
344.813629150391
338.813629150391
332.980285644531
327.313629150391
321.813629150391
316.480285644531
311.313629150391
306.313629150391
301.480285644531
296.813629150391
292.313629150391
287.980285644531
283.813629150391
279.813629150391
275.980285644531
272.313629150391
268.813629150391
265.480285644531
262.313629150391
259.313629150391
256.480285644531
253.813613891602
251.313613891602
248.980285644531
246.813613891602
244.813613891602
242.980285644531
241.313613891602
239.813613891602
238.480285644531
237.313613891602
236.313613891602
235.480285644531
234.813613891602
234.313613891602
233.980285644531
233.813613891602
233.813613891602
233.980285644531
234.313613891602
234.813613891602
235.480285644531
236.313613891602
237.313613891602
238.480285644531
239.813613891602
241.313613891602
242.980285644531
244.813613891602
246.813613891602
248.980285644531
251.313613891602
253.813613891602
256.480285644531
259.313629150391
262.313629150391
265.480285644531
268.813629150391
272.313629150391
275.980285644531
279.813629150391
283.813629150391
287.980285644531
292.313629150391
296.813629150391
301.480285644531
306.313629150391
311.313629150391
316.480285644531
321.813629150391
327.313629150391
332.980285644531
338.813629150391
344.813629150391
350.980285644531
357.313629150391
363.813629150391
370.480285644531
377.313629150391
384.313629150391
391.480285644531
398.813629150391
406.313629150391
413.980285644531
421.813629150391
429.813629150391
437.980285644531
446.313629150391
454.813629150391
463.480285644531
457.480285644531
451.646942138672
445.980285644531
440.480285644531
435.146942138672
429.980285644531
424.980285644531
420.146942138672
415.480285644531
410.980285644531
406.646942138672
402.480285644531
398.480285644531
394.646942138672
My score is3
390.980285644531
387.480285644531
384.146942138672
380.980285644531
377.980285644531
375.146942138672
372.480285644531
369.980285644531
367.646942138672
365.480285644531
363.480285644531
361.646942138672
359.980285644531
358.480285644531
357.146942138672
355.980285644531
354.980285644531
354.146942138672
353.480285644531
352.980285644531
352.646942138672
352.480285644531
352.480285644531
352.646942138672
352.980285644531
353.480285644531
354.146942138672
354.980285644531
355.980285644531
357.146942138672
358.480285644531
359.980285644531
353.980285644531
348.146942138672
342.480285644531
336.980285644531
331.646942138672
326.480285644531
321.480285644531
316.646942138672
311.980285644531
307.480285644531
303.146942138672
298.980285644531
294.980285644531
291.146942138672
287.480285644531
283.980285644531
280.646942138672
277.480285644531
274.480285644531
271.646942138672
268.980285644531
266.480285644531
264.146942138672
261.980285644531
259.980285644531
258.146942138672
256.480285644531
254.980285644531
253.646957397461
252.480285644531
251.480285644531
250.646957397461
249.980285644531
249.480285644531
249.146957397461
248.980285644531
248.980285644531
249.146957397461
249.480285644531
249.980285644531
250.646957397461
251.480285644531
252.480285644531
253.646957397461
254.980285644531
256.480285644531
258.146942138672
259.980285644531
261.980285644531
264.146942138672
266.480285644531
268.980285644531
271.646942138672
274.480285644531
277.480285644531
280.646942138672
283.980285644531
287.480285644531
291.146942138672
294.980285644531
298.980285644531
303.146942138672
307.480285644531
311.980285644531
316.646942138672
321.480285644531
326.480285644531
331.646942138672
336.980285644531
342.480285644531
348.146942138672
353.980285644531
359.980285644531
366.146942138672
372.480285644531
378.980285644531
385.646942138672
392.480285644531
399.480285644531
406.646942138672
413.980285644531
421.480285644531
429.146942138672
436.980285644531
444.980285644531
453.146942138672
461.480285644531
469.980285644531
478.646942138672
487.480285644531
496.480285644531
505.646942138672
514.980285644531
524.480285644531
534.14697265625
543.980285644531
553.980285644531
547.980285644531
542.14697265625
536.480285644531
530.980285644531
525.64697265625
520.480285644531
515.480285644531
510.646942138672
505.980285644531
501.480285644531
497.146942138672
492.980285644531
488.980285644531
485.146942138672
481.480285644531
477.980285644531
474.646942138672
471.480285644531
468.480285644531
465.646942138672
462.980285644531
460.480285644531
458.146942138672
455.980285644531
453.980285644531
452.146942138672
450.480285644531
448.980285644531
447.646942138672
446.480285644531
445.480285644531
444.646942138672
443.980285644531
443.480285644531
443.146942138672
442.980285644531
442.980285644531
443.146942138672
443.480285644531
443.980285644531
444.646942138672
445.480285644531
446.480285644531
447.646942138672
448.980285644531
450.480285644531
452.146942138672
453.980285644531
455.980285644531
458.146942138672
460.480285644531
462.980285644531
My score is4
465.646942138672
468.480285644531
471.480285644531
474.646942138672
477.980285644531
481.480285644531
485.146942138672
488.980285644531
492.980285644531
497.146942138672
501.480285644531
505.980285644531
510.646942138672
504.646942138672
498.813598632813
493.146942138672
487.646942138672
482.313598632813
477.146942138672
472.146942138672
467.313598632813
462.646942138672
458.146942138672
453.813598632813
449.646942138672
445.646942138672
441.813598632813
438.146942138672
434.646942138672
431.313598632813
428.146942138672
425.146942138672
422.313598632813
419.646942138672
417.146942138672
414.813598632813
412.646942138672
410.646942138672
408.813598632813
407.146942138672
405.646942138672
404.313598632813
403.146942138672
402.146942138672
401.313598632813
400.646942138672
400.146942138672
399.813598632813
399.646942138672
399.646942138672
399.813598632813
400.146942138672
400.646942138672
401.313598632813
402.146942138672
403.146942138672
404.313598632813
405.646942138672
407.146942138672
408.813598632813
410.646942138672
412.646942138672
414.813598632813
417.146942138672
419.646942138672
422.313598632813
425.146942138672
428.146942138672
431.313598632813
434.646942138672
438.146942138672
441.813598632813
445.646942138672
449.646942138672
453.813598632813
458.146942138672
462.646942138672
467.313598632813
472.146942138672
477.146942138672
482.313598632813
487.646942138672
493.146942138672
498.813598632813
504.646942138672
510.646942138672
516.813598632813
523.146911621094
529.646911621094
536.313598632813
543.146911621094
537.146911621094
531.313598632813
525.646911621094
520.146911621094
514.813598632813
509.646942138672
504.646942138672
499.813598632813
495.146942138672
490.646942138672
486.313598632813
482.146942138672
478.146942138672
474.313598632813
470.646942138672
467.146942138672
463.813598632813
460.646942138672
457.646942138672
454.813598632813
452.146942138672
449.646942138672
447.313598632813
445.146942138672
443.146942138672
441.313598632813
439.646942138672
438.146942138672
436.813598632813
435.646942138672
434.646942138672
433.813598632813
433.146942138672
432.646942138672
432.313598632813
432.146942138672
432.146942138672
432.313598632813
432.646942138672
433.146942138672
433.813598632813
434.646942138672
435.646942138672
436.813598632813
438.146942138672
439.646942138672
441.313598632813
443.146942138672
445.146942138672
447.313598632813
449.646942138672
452.146942138672
454.813598632813
457.646942138672
460.646942138672
463.813598632813
467.146942138672
470.646942138672
474.313598632813
478.146942138672
482.146942138672
486.313598632813
490.646942138672
495.146942138672
499.813598632813
504.646942138672
498.646942138672
492.813598632813
487.146942138672
481.646942138672
476.313598632813
471.146942138672
466.146942138672
461.313598632813
456.646942138672
452.146942138672
447.813598632813
443.646942138672
439.646942138672
435.813598632813
432.146942138672
428.646942138672
425.313598632813
422.146942138672
419.146942138672
416.313598632813
413.646942138672
411.146942138672
408.813598632813
406.646942138672
My score is5
404.646942138672
402.813598632813
401.146942138672
399.646942138672
398.313598632813
397.146942138672
396.146942138672
395.313598632813
394.646942138672
394.146942138672
393.813598632813
393.646942138672
393.646942138672
393.813598632813
394.146942138672
394.646942138672
395.313598632813
396.146942138672
397.146942138672
398.313598632813
399.646942138672
401.146942138672
402.813598632813
404.646942138672
406.646942138672
408.813598632813
411.146942138672
413.646942138672
416.313598632813
419.146942138672
422.146942138672
416.146942138672
410.313598632813
404.646942138672
399.146942138672
393.813598632813
388.646942138672
382.646942138672
376.813598632813
371.146942138672
365.646942138672
360.313598632813
355.146942138672
350.146942138672
345.313598632813
340.646942138672
336.146942138672
331.813598632813
327.646942138672
323.646942138672
319.813598632813
316.146942138672
310.146942138672
304.313598632813
298.646942138672
293.146942138672
287.813598632813
282.646942138672
277.646942138672
272.813598632813
266.813598632813
260.980255126953
255.313583374023
249.813583374023
244.480255126953
239.313583374023
233.313583374023
227.480255126953
221.813583374023
216.313583374023
210.313583374023
204.480255126953
198.813583374023
193.313583374023
187.980255126953
182.813583374023
177.813583374023
172.980255126953
168.313583374023
163.813583374023
159.480255126953
155.313583374023
151.313583374023
147.480255126953
143.813583374023
140.313583374023
136.980255126953
133.813583374023
130.813583374023
127.980247497559
125.313583374023
122.813583374023
120.480247497559
118.313583374023
116.313583374023
114.480247497559
112.813583374023
111.313583374023
109.980247497559
108.813583374023
107.813583374023
106.980247497559
106.313583374023
105.813583374023
105.480247497559
105.313583374023
105.313583374023
105.480247497559
105.813583374023
106.313583374023
106.980247497559
107.813583374023
108.813583374023
109.980247497559
111.313583374023
112.813583374023
114.480247497559
116.313583374023
118.313583374023
120.480247497559
122.813583374023
125.313583374023
127.980247497559
130.813583374023
133.813583374023
136.980255126953
140.313583374023
143.813583374023
147.480255126953
151.313583374023
155.313583374023
159.480255126953
163.813583374023
168.313583374023
172.980255126953
177.813583374023
182.813583374023
187.980255126953
193.313583374023
198.813583374023
204.480255126953
210.313583374023
216.313583374023
222.480255126953
228.813583374023
235.313583374023
241.980255126953
248.813583374023
255.813583374023
262.980255126953
270.313598632813
277.813598632813
285.480255126953
293.313598632813
301.313598632813
309.480255126953
317.813598632813
326.313598632813
334.980255126953
343.813598632813
352.813598632813
361.980255126953
371.313598632813
380.813598632813
390.480255126953
400.313598632813
410.313598632813
420.480255126953
430.813598632813
441.313598632813
451.980255126953
462.813598632813
473.813598632813
484.980255126953
496.313598632813
507.813598632813
519.480285644531
513.480285644531
507.646942138672
501.980285644531
496.480285644531
My score is6
491.146942138672
485.980285644531
480.980285644531
476.146942138672
471.480285644531
466.980285644531
462.646942138672
458.480285644531
454.480285644531
450.646942138672
444.646942138672
438.813598632813
433.146942138672
427.646942138672
422.313598632813
417.146942138672
411.146942138672
405.313598632813
399.646942138672
394.146942138672
388.813598632813
383.646942138672
377.646942138672
371.813598632813
366.146942138672
360.646942138672
355.313598632813
349.313598632813
343.480255126953
337.813598632813
332.313598632813
326.980255126953
321.813598632813
316.813598632813
310.813598632813
304.980255126953
299.313598632813
293.813598632813
288.480255126953
283.313598632813
278.313598632813
273.480255126953
267.480255126953
261.646911621094
255.980239868164
250.480239868164
245.146911621094
239.980239868164
234.980239868164
230.146911621094
225.480239868164
220.980239868164
216.646911621094
212.480239868164
208.480239868164
204.646911621094
200.980239868164
197.480239868164
194.146911621094
190.980239868164
187.980239868164
185.146911621094
182.480239868164
179.980239868164
177.646911621094
175.480239868164
173.480239868164
171.646911621094
169.980239868164
168.480239868164
167.146911621094
165.980239868164
164.980239868164
164.146911621094
163.480239868164
162.980239868164
162.646911621094
162.480239868164
162.480239868164
162.646911621094
162.980239868164
163.480239868164
164.146911621094
164.980239868164
165.980239868164
167.146911621094
168.480239868164
169.980239868164
171.646911621094
173.480239868164
175.480239868164
177.646911621094
179.980239868164
182.480239868164
185.146911621094
187.980239868164
190.980239868164
194.146911621094
197.480239868164
200.980239868164
204.646911621094
208.480239868164
212.480239868164
216.646911621094
220.980239868164
225.480239868164
230.146911621094
234.980239868164
239.980239868164
245.146911621094
250.480239868164
255.980239868164
261.646911621094
267.480255126953
273.480255126953
279.646911621094
285.980255126953
292.480255126953
299.146911621094
305.980255126953
312.980255126953
320.146911621094
327.480255126953
334.980255126953
342.646911621094
350.480255126953
358.480255126953
366.646911621094
374.980255126953
383.480255126953
392.146911621094
400.980255126953
409.980255126953
419.146911621094
428.480255126953
437.980255126953
447.646911621094
457.480255126953
467.480255126953
461.480255126953
455.646911621094
449.980255126953
444.480255126953
439.146911621094
433.980255126953
428.980255126953
424.146911621094
419.480255126953
414.980255126953
410.646911621094
406.480255126953
402.480255126953
398.646911621094
394.980255126953
391.480255126953
388.146911621094
384.980255126953
381.980255126953
379.146911621094
376.480255126953
373.980255126953
371.646911621094
369.480255126953
367.480255126953
365.646911621094
363.980255126953
362.480255126953
361.146911621094
359.980255126953
358.980255126953
358.146911621094
357.480255126953
356.980255126953
356.646911621094
356.480255126953
356.480255126953
356.646911621094
356.980255126953
357.480255126953
358.146911621094
358.980255126953
My score is7
359.980255126953
361.146911621094
362.480255126953
363.980255126953
365.646911621094
367.480255126953
361.480255126953
355.646911621094
349.980255126953
344.480255126953
339.146911621094
333.980255126953
328.980255126953
324.146911621094
319.480255126953
314.980255126953
310.646911621094
306.480255126953
302.480255126953
298.646911621094
294.980255126953
291.480255126953
288.146911621094
284.980255126953
281.980255126953
279.146911621094
276.480255126953
273.980255126953
271.646911621094
269.480255126953
267.480255126953
265.646911621094
263.980255126953
262.480255126953
261.146911621094
259.980255126953
258.980255126953
258.146911621094
257.480255126953
256.980255126953
256.646911621094
256.480255126953
256.480255126953
256.646911621094
256.980255126953
257.480255126953
258.146911621094
258.980255126953
259.980255126953
261.146911621094
262.480255126953
263.980255126953
265.646911621094
267.480255126953
269.480255126953
271.646911621094
273.980255126953
276.480255126953
279.146911621094
281.980255126953
284.980255126953
288.146911621094
291.480255126953
294.980255126953
298.646911621094
302.480255126953
306.480255126953
310.646911621094
314.980255126953
319.480255126953
324.146911621094
328.980255126953
333.980255126953
339.146911621094
344.480255126953
349.980255126953
355.646911621094
361.480255126953
367.480255126953
373.646911621094
379.980255126953
373.980255126953
368.146911621094
362.480255126953
356.980255126953
351.646911621094
346.480255126953
341.480255126953
336.646911621094
331.980255126953
327.480255126953
323.146911621094
318.980255126953
314.980255126953
311.146911621094
307.480255126953
303.980255126953
300.646911621094
297.480255126953
294.480255126953
291.646911621094
288.980255126953
286.480255126953
284.146911621094
281.980255126953
279.980255126953
278.146911621094
276.480255126953
274.980255126953
273.646911621094
272.480255126953
271.480255126953
270.646911621094
269.980255126953
269.480255126953
269.146911621094
268.980255126953
268.980255126953
269.146911621094
269.480255126953
269.980255126953
270.646911621094
271.480255126953
272.480255126953
273.646911621094
274.980255126953
276.480255126953
278.146911621094
279.980255126953
281.980255126953
284.146911621094
286.480255126953
288.980255126953
291.646911621094
294.480255126953
297.480255126953
300.646911621094
303.980255126953
307.480255126953
311.146911621094
314.980255126953
318.980255126953
323.146911621094
327.480255126953
331.980255126953
336.646911621094
341.480255126953
346.480255126953
351.646911621094
356.980255126953
362.480255126953
368.146911621094
373.980255126953
379.980255126953
386.146911621094
392.480255126953
398.980255126953
405.646911621094
412.480255126953
419.480255126953
426.646911621094
420.646911621094
414.813568115234
409.146911621094
403.646911621094
398.313568115234
393.146911621094
388.146911621094
383.313568115234
378.646911621094
374.146911621094
369.813568115234
365.646911621094
361.646911621094
357.813568115234
354.146911621094
350.646911621094
347.313568115234
344.146911621094
341.146911621094
338.313568115234
My score is8
335.646911621094
333.146911621094
330.813568115234
328.646911621094
326.646911621094
324.813568115234
323.146911621094
321.646911621094
320.313568115234
319.146911621094
318.146911621094
317.313568115234
316.646911621094
316.146911621094
315.813568115234
315.646911621094
315.646911621094
315.813568115234
316.146911621094
316.646911621094
317.313568115234
318.146911621094
319.146911621094
320.313568115234
321.646911621094
323.146911621094
324.813568115234
326.646911621094
328.646911621094
330.813568115234
333.146911621094
335.646911621094
338.313568115234
341.146911621094
344.146911621094
347.313568115234
350.646911621094
354.146911621094
357.813568115234
361.646911621094
365.646911621094
369.813568115234
374.146911621094
378.646911621094
383.313568115234
388.146911621094
393.146911621094
398.313568115234
403.646911621094
409.146911621094
414.813568115234
420.646911621094
426.646911621094
432.813568115234
426.813568115234
420.980224609375
415.313568115234
409.813568115234
404.480224609375
399.313568115234
394.313568115234
389.480224609375
384.813568115234
380.313568115234
375.980224609375
371.813568115234
367.813568115234
363.980224609375
360.313568115234
356.813568115234
353.480224609375
350.313568115234
347.313568115234
344.480224609375
341.813568115234
339.313568115234
336.980224609375
334.813568115234
332.813568115234
330.980224609375
329.313568115234
327.813568115234
326.480224609375
325.313568115234
324.313568115234
323.480224609375
322.813568115234
322.313568115234
321.980224609375
321.813568115234
321.813568115234
321.980224609375
322.313568115234
322.813568115234
323.480224609375
324.313568115234
325.313568115234
326.480224609375
327.813568115234
329.313568115234
330.980224609375
332.813568115234
334.813568115234
336.980224609375
339.313568115234
341.813568115234
344.480224609375
347.313568115234
350.313568115234
353.480224609375
356.813568115234
360.313568115234
363.980224609375
367.813568115234
371.813568115234
375.980224609375
380.313568115234
384.813568115234
389.480224609375
394.313568115234
399.313568115234
404.480224609375
409.813568115234
415.313568115234
420.980224609375
426.813568115234
432.813568115234
438.980224609375
445.313568115234
451.813568115234
458.480224609375
465.313568115234
472.313568115234
479.480224609375
486.813568115234
494.313568115234
488.313568115234
482.480224609375
476.813568115234
471.313568115234
465.980224609375
460.813568115234
455.813568115234
450.980224609375
446.313568115234
441.813568115234
437.480224609375
433.313568115234
429.313568115234
425.480224609375
421.813568115234
418.313568115234
414.980224609375
411.813568115234
408.813568115234
405.980224609375
403.313568115234
400.813568115234
398.480224609375
396.313568115234
394.313568115234
392.480224609375
390.813568115234
389.313568115234
387.980224609375
386.813568115234
385.813568115234
384.980224609375
384.313568115234
383.813568115234
383.480224609375
383.313568115234
383.313568115234
383.480224609375
383.813568115234
384.313568115234
384.980224609375
385.813568115234
386.813568115234
387.980224609375
389.313568115234
My score is9
390.813568115234
392.480224609375
394.313568115234
396.313568115234
398.480224609375
400.813568115234
403.313568115234
405.980224609375
408.813568115234
411.813568115234
414.980224609375
418.313568115234
421.813568115234
425.480224609375
429.313568115234
433.313568115234
437.480224609375
441.813568115234
446.313568115234
450.980224609375
455.813568115234
460.813568115234
465.980224609375
471.313568115234
476.813568115234
482.480224609375
476.480224609375
470.646881103516
464.980224609375
459.480224609375
454.146881103516
448.980224609375
443.980224609375
439.146881103516
434.480224609375
429.980224609375
425.646881103516
421.480224609375
417.480224609375
413.646881103516
409.980224609375
406.480224609375
403.146881103516
399.980224609375
396.980224609375
394.146881103516
391.480224609375
388.980224609375
386.646881103516
384.480224609375
382.480224609375
380.646881103516
378.980224609375
377.480224609375
376.146881103516
374.980224609375
373.980224609375
373.146881103516
372.480224609375
371.980224609375
371.646881103516
371.480224609375
371.480224609375
371.646881103516
371.980224609375
372.480224609375
373.146881103516
373.980224609375
374.980224609375
376.146881103516
377.480224609375
378.980224609375
380.646881103516
382.480224609375
384.480224609375
386.646881103516
388.980224609375
391.480224609375
394.146881103516
396.980224609375
399.980224609375
403.146881103516
406.480224609375
409.980224609375
413.646881103516
417.480224609375
421.480224609375
425.646881103516
429.980224609375
423.980224609375
418.146881103516
412.480224609375
406.980224609375
401.646881103516
396.480224609375
391.480224609375
386.646881103516
381.980224609375
377.480224609375
373.146881103516
368.980224609375
364.980224609375
361.146881103516
357.480224609375
353.980224609375
350.646881103516
347.480224609375
344.480224609375
341.646881103516
338.980224609375
336.480224609375
334.146881103516
331.980224609375
329.980224609375
328.146881103516
326.480224609375
324.980224609375
323.646881103516
322.480224609375
321.480224609375
320.646881103516
319.980224609375
319.480224609375
319.146881103516
318.980224609375
318.980224609375
319.146881103516
319.480224609375
319.980224609375
320.646881103516
321.480224609375
322.480224609375
323.646881103516
324.980224609375
326.480224609375
328.146881103516
329.980224609375
331.980224609375
334.146881103516
336.480224609375
338.980224609375
341.646881103516
344.480224609375
347.480224609375
350.646881103516
353.980224609375
357.480224609375
361.146881103516
364.980224609375
368.980224609375
373.146881103516
377.480224609375
381.980224609375
386.646881103516
391.480224609375
396.480224609375
401.646881103516
406.980224609375
412.480224609375
418.146881103516
423.980224609375
429.980224609375
436.146881103516
442.480224609375
448.980224609375
455.646881103516
462.480224609375
469.480224609375
476.646881103516
483.980224609375
491.480224609375
499.146881103516
493.146881103516
487.313537597656
481.646881103516
476.146881103516
470.813537597656
465.646881103516
460.646881103516
455.813537597656
451.146881103516
My score is10
446.646881103516
442.313537597656
438.146881103516
434.146881103516
430.313537597656
426.646881103516
423.146881103516
419.813537597656
416.646881103516
413.646881103516
410.813537597656
408.146881103516
405.646881103516
403.313537597656
401.146881103516
399.146881103516
397.313537597656
395.646881103516
394.146881103516
392.813537597656
391.646881103516
390.646881103516
389.813537597656
389.146881103516
388.646881103516
388.313537597656
388.146881103516
388.146881103516
388.313537597656
388.646881103516
389.146881103516
389.813537597656
390.646881103516
391.646881103516
392.813537597656
394.146881103516
395.646881103516
397.313537597656
399.146881103516
401.146881103516
403.313537597656
405.646881103516
408.146881103516
410.813537597656
413.646881103516
416.646881103516
419.813537597656
423.146881103516
426.646881103516
430.313537597656
434.146881103516
438.146881103516
442.313537597656
446.646881103516
451.146881103516
455.813537597656
460.646881103516
465.646881103516
470.813537597656
464.813537597656
458.980194091797
453.313537597656
447.813537597656
442.480194091797
437.313537597656
432.313537597656
427.480194091797
422.813537597656
418.313537597656
413.980194091797
409.813537597656
405.813537597656
401.980194091797
398.313537597656
394.813537597656
391.480194091797
388.313537597656
385.313537597656
382.480194091797
379.813537597656
377.313537597656
374.980194091797
372.813537597656
370.813537597656
368.980194091797
367.313537597656
365.813537597656
364.480194091797
363.313537597656
362.313537597656
361.480194091797
360.813537597656
360.313537597656
359.980194091797
359.813537597656
359.813537597656
359.980194091797
360.313537597656
360.813537597656
361.480194091797
362.313537597656
363.313537597656
364.480194091797
365.813537597656
367.313537597656
368.980194091797
370.813537597656
372.813537597656
374.980194091797
377.313537597656
379.813537597656
382.480194091797
385.313537597656
388.313537597656
391.480194091797
394.813537597656
398.313537597656
401.980194091797
405.813537597656
409.813537597656
413.980194091797
418.313537597656
412.313537597656
406.480194091797
400.813537597656
395.313537597656
389.980194091797
384.813537597656
379.813537597656
374.980194091797
370.313537597656
365.813537597656
361.480194091797
357.313537597656
353.313537597656
349.480194091797
345.813537597656
342.313537597656
338.980194091797
335.813537597656
332.813537597656
329.980194091797
327.313537597656
324.813537597656
322.480194091797
320.313537597656
318.313537597656
316.480194091797
314.813537597656
313.313537597656
311.980194091797
310.813537597656
309.813537597656
308.980194091797
308.313537597656
307.813537597656
307.480194091797
307.313537597656
307.313537597656
307.480194091797
307.813537597656
308.313537597656
308.980194091797
309.813537597656
310.813537597656
311.980194091797
313.313537597656
314.813537597656
316.480194091797
318.313537597656
320.313537597656
322.480194091797
324.813537597656
327.313537597656
329.980194091797
332.813537597656
335.813537597656
338.980194091797
342.313537597656
345.813537597656
349.480194091797
My score is11
353.313537597656
357.313537597656
361.480194091797
365.813537597656
370.313537597656
374.980194091797
379.813537597656
384.813537597656
389.980194091797
383.980194091797
378.146850585938
372.480194091797
366.980194091797
361.646850585938
356.480194091797
351.480194091797
346.646850585938
341.980194091797
337.480194091797
333.146850585938
328.980194091797
324.980194091797
321.146850585938
317.480194091797
313.980194091797
310.646850585938
307.480194091797
304.480194091797
301.646850585938
298.980194091797
296.480194091797
294.146850585938
291.980194091797
289.980194091797
288.146850585938
286.480194091797
284.980194091797
283.646850585938
282.480194091797
281.480194091797
280.646850585938
279.980194091797
279.480194091797
279.146850585938
278.980194091797
278.980194091797
279.146850585938
279.480194091797
279.980194091797
280.646850585938
281.480194091797
282.480194091797
283.646850585938
284.980194091797
286.480194091797
288.146850585938
289.980194091797
291.980194091797
294.146850585938
296.480194091797
298.980194091797
301.646850585938
304.480194091797
307.480194091797
310.646850585938
313.980194091797
317.480194091797
321.146850585938
324.980194091797
328.980194091797
333.146850585938
337.480194091797
341.980194091797
346.646850585938
351.480194091797
356.480194091797
361.646850585938
366.980194091797
372.480194091797
378.146850585938
383.980194091797
389.980194091797
396.146850585938
402.480194091797
408.980194091797
415.646850585938
422.480194091797
429.480194091797
436.646850585938
443.980194091797
451.480194091797
459.146850585938
466.980194091797
474.980194091797
483.146850585938
491.480194091797
499.980194091797
508.646850585938
517.480163574219
526.480163574219
535.646850585938
544.980163574219
554.480163574219
564.146850585938
573.980163574219
583.980163574219
594.146850585938
604.480163574219
614.980163574219
625.646850585938
636.480163574219
647.480163574219
658.646850585938
669.980163574219
681.480163574219
693.146850585938
704.980163574219
716.980163574219
729.146850585938
741.480163574219
753.980163574219
766.646850585938
779.480163574219
792.480163574219
805.646850585938
818.980163574219
832.480163574219
846.146850585938
859.980163574219
873.980163574219
888.146850585938
902.480163574219
916.980163574219
931.646850585938
946.480163574219
961.480163574219
976.646850585938
991.980163574219
1007.48016357422
1023.14685058594
1038.98022460938
1054.98022460938
1071.14685058594
1087.48022460938
1103.98022460938
1120.64685058594
1137.48022460938
1154.48022460938
1171.64685058594
1188.98022460938
1206.48022460938
1224.14685058594
1241.98022460938
1259.98022460938
1278.14685058594
1296.48022460938
1314.98022460938
1333.64685058594
1352.48022460938
1371.48022460938
1390.64685058594
1409.98022460938
1429.48022460938
1449.14685058594
1468.98022460938
1488.98022460938
1509.14685058594
1529.48022460938
1549.98022460938
1570.64685058594
1591.48022460938
